{"/home/travis/build/npmtest/node-npmtest-gzippo/test.js":{"path":"/home/travis/build/npmtest/node-npmtest-gzippo/test.js","s":{"1":2,"2":2,"3":2,"4":2,"5":2,"6":2,"7":2,"8":1,"9":2,"10":2,"11":1,"12":1,"13":1,"14":1,"15":2,"16":2,"17":2,"18":2,"19":1,"20":1,"21":2,"22":2,"23":2,"24":1,"25":1,"26":1,"27":1,"28":1,"29":1,"30":1,"31":1,"32":1,"33":1,"34":1,"35":1,"36":1,"37":1,"38":1,"39":2,"40":2,"41":1,"42":2,"43":2,"44":1,"45":2,"46":2,"47":1,"48":2,"49":2,"50":1,"51":1,"52":1,"53":1,"54":1},"b":{"1":[2,1,1,1],"2":[1,1,1,1],"3":[1,1],"4":[1,1],"5":[1,1],"6":[1,1],"7":[1,1],"8":[1,1],"9":[1,1],"10":[1,1,1],"11":[1,1],"12":[1,1],"13":[1,1],"14":[1,1],"15":[1,1],"16":[1,1],"17":[1,1]},"f":{"1":2,"2":2,"3":2,"4":2,"5":2,"6":1,"7":1,"8":1,"9":2,"10":2,"11":2,"12":2,"13":1},"fnMap":{"1":{"name":"(anonymous_1)","line":12,"loc":{"start":{"line":12,"column":1},"end":{"line":12,"column":13}}},"2":{"name":"(anonymous_2)","line":19,"loc":{"start":{"line":19,"column":5},"end":{"line":19,"column":17}}},"3":{"name":"(anonymous_3)","line":23,"loc":{"start":{"line":23,"column":24},"end":{"line":23,"column":36}}},"4":{"name":"(anonymous_4)","line":61,"loc":{"start":{"line":61,"column":5},"end":{"line":61,"column":17}}},"5":{"name":"(anonymous_5)","line":82,"loc":{"start":{"line":82,"column":5},"end":{"line":82,"column":17}}},"6":{"name":"(anonymous_6)","line":91,"loc":{"start":{"line":91,"column":77},"end":{"line":94,"column":10}}},"7":{"name":"(anonymous_7)","line":112,"loc":{"start":{"line":112,"column":83},"end":{"line":115,"column":10}},"skip":true},"8":{"name":"(anonymous_8)","line":123,"loc":{"start":{"line":123,"column":77},"end":{"line":126,"column":10}},"skip":true},"9":{"name":"(anonymous_9)","line":139,"loc":{"start":{"line":139,"column":12},"end":{"line":139,"column":40}},"skip":true},"10":{"name":"(anonymous_10)","line":147,"loc":{"start":{"line":147,"column":77},"end":{"line":150,"column":10}},"skip":true},"11":{"name":"(anonymous_11)","line":158,"loc":{"start":{"line":158,"column":83},"end":{"line":161,"column":10}},"skip":true},"12":{"name":"(anonymous_12)","line":169,"loc":{"start":{"line":169,"column":79},"end":{"line":172,"column":10}},"skip":true},"13":{"name":"(anonymous_13)","line":180,"loc":{"start":{"line":180,"column":75},"end":{"line":183,"column":10}},"skip":true}},"statementMap":{"1":{"start":{"line":12,"column":0},"end":{"line":195,"column":5}},"2":{"start":{"line":14,"column":4},"end":{"line":14,"column":14}},"3":{"start":{"line":19,"column":4},"end":{"line":56,"column":9}},"4":{"start":{"line":21,"column":8},"end":{"line":21,"column":19}},"5":{"start":{"line":23,"column":8},"end":{"line":35,"column":13}},"6":{"start":{"line":24,"column":12},"end":{"line":34,"column":13}},"7":{"start":{"line":25,"column":16},"end":{"line":28,"column":30}},"8":{"start":{"line":30,"column":16},"end":{"line":33,"column":27}},"9":{"start":{"line":37,"column":8},"end":{"line":39,"column":21}},"10":{"start":{"line":40,"column":8},"end":{"line":53,"column":9}},"11":{"start":{"line":43,"column":12},"end":{"line":46,"column":14}},"12":{"start":{"line":47,"column":12},"end":{"line":47,"column":18}},"13":{"start":{"line":50,"column":12},"end":{"line":51,"column":33}},"14":{"start":{"line":52,"column":12},"end":{"line":52,"column":18}},"15":{"start":{"line":55,"column":8},"end":{"line":55,"column":35}},"16":{"start":{"line":61,"column":4},"end":{"line":63,"column":9}},"17":{"start":{"line":62,"column":8},"end":{"line":62,"column":15}},"18":{"start":{"line":64,"column":4},"end":{"line":77,"column":5}},"19":{"start":{"line":70,"column":8},"end":{"line":70,"column":14}},"20":{"start":{"line":76,"column":8},"end":{"line":76,"column":14}},"21":{"start":{"line":82,"column":4},"end":{"line":84,"column":9}},"22":{"start":{"line":83,"column":8},"end":{"line":83,"column":15}},"23":{"start":{"line":85,"column":4},"end":{"line":194,"column":5}},"24":{"start":{"line":91,"column":8},"end":{"line":99,"column":10}},"25":{"start":{"line":98,"column":12},"end":{"line":98,"column":35}},"26":{"start":{"line":102,"column":8},"end":{"line":104,"column":63}},"27":{"start":{"line":105,"column":8},"end":{"line":105,"column":14}},"28":{"start":{"line":112,"column":8},"end":{"line":121,"column":10},"skip":true},"29":{"start":{"line":119,"column":12},"end":{"line":119,"column":55},"skip":true},"30":{"start":{"line":120,"column":12},"end":{"line":120,"column":48},"skip":true},"31":{"start":{"line":123,"column":8},"end":{"line":136,"column":10},"skip":true},"32":{"start":{"line":130,"column":12},"end":{"line":130,"column":76},"skip":true},"33":{"start":{"line":131,"column":12},"end":{"line":131,"column":73},"skip":true},"34":{"start":{"line":132,"column":12},"end":{"line":132,"column":74},"skip":true},"35":{"start":{"line":133,"column":12},"end":{"line":133,"column":79},"skip":true},"36":{"start":{"line":134,"column":12},"end":{"line":134,"column":25},"skip":true},"37":{"start":{"line":135,"column":12},"end":{"line":135,"column":45},"skip":true},"38":{"start":{"line":138,"column":8},"end":{"line":145,"column":14},"skip":true},"39":{"start":{"line":143,"column":16},"end":{"line":143,"column":29},"skip":true},"40":{"start":{"line":144,"column":16},"end":{"line":144,"column":55},"skip":true},"41":{"start":{"line":147,"column":8},"end":{"line":156,"column":10},"skip":true},"42":{"start":{"line":154,"column":12},"end":{"line":154,"column":25},"skip":true},"43":{"start":{"line":155,"column":12},"end":{"line":155,"column":45},"skip":true},"44":{"start":{"line":158,"column":8},"end":{"line":167,"column":10},"skip":true},"45":{"start":{"line":165,"column":12},"end":{"line":165,"column":25},"skip":true},"46":{"start":{"line":166,"column":12},"end":{"line":166,"column":48},"skip":true},"47":{"start":{"line":169,"column":8},"end":{"line":178,"column":10},"skip":true},"48":{"start":{"line":176,"column":12},"end":{"line":176,"column":25},"skip":true},"49":{"start":{"line":177,"column":12},"end":{"line":177,"column":46},"skip":true},"50":{"start":{"line":180,"column":8},"end":{"line":189,"column":10},"skip":true},"51":{"start":{"line":187,"column":12},"end":{"line":187,"column":94},"skip":true},"52":{"start":{"line":188,"column":12},"end":{"line":188,"column":48},"skip":true},"53":{"start":{"line":192,"column":8},"end":{"line":192,"column":35},"skip":true},"54":{"start":{"line":193,"column":8},"end":{"line":193,"column":14},"skip":true}},"branchMap":{"1":{"line":25,"type":"binary-expr","locations":[{"start":{"line":25,"column":23},"end":{"line":25,"column":62}},{"start":{"line":26,"column":20},"end":{"line":26,"column":70}},{"start":{"line":27,"column":20},"end":{"line":27,"column":71}},{"start":{"line":28,"column":20},"end":{"line":28,"column":29}}]},"2":{"line":30,"type":"binary-expr","locations":[{"start":{"line":30,"column":23},"end":{"line":30,"column":37}},{"start":{"line":31,"column":20},"end":{"line":31,"column":61}},{"start":{"line":32,"column":20},"end":{"line":32,"column":70}},{"start":{"line":33,"column":20},"end":{"line":33,"column":26}}]},"3":{"line":37,"type":"cond-expr","locations":[{"start":{"line":38,"column":14},"end":{"line":38,"column":20}},{"start":{"line":39,"column":14},"end":{"line":39,"column":20}}]},"4":{"line":40,"type":"switch","locations":[{"start":{"line":42,"column":8},"end":{"line":47,"column":18}},{"start":{"line":49,"column":8},"end":{"line":52,"column":18}}]},"5":{"line":44,"type":"binary-expr","locations":[{"start":{"line":44,"column":16},"end":{"line":44,"column":44}},{"start":{"line":44,"column":48},"end":{"line":44,"column":66}}]},"6":{"line":50,"type":"binary-expr","locations":[{"start":{"line":50,"column":21},"end":{"line":50,"column":49}},{"start":{"line":50,"column":53},"end":{"line":50,"column":72}}]},"7":{"line":64,"type":"switch","locations":[{"start":{"line":69,"column":4},"end":{"line":70,"column":14}},{"start":{"line":75,"column":4},"end":{"line":76,"column":14}}]},"8":{"line":85,"type":"switch","locations":[{"start":{"line":90,"column":4},"end":{"line":105,"column":14}},{"start":{"line":111,"column":4},"end":{"line":193,"column":14},"skip":true}]},"9":{"line":91,"type":"binary-expr","locations":[{"start":{"line":91,"column":42},"end":{"line":91,"column":73}},{"start":{"line":91,"column":77},"end":{"line":99,"column":9}}]},"10":{"line":102,"type":"binary-expr","locations":[{"start":{"line":102,"column":18},"end":{"line":102,"column":32}},{"start":{"line":103,"column":12},"end":{"line":103,"column":53}},{"start":{"line":104,"column":12},"end":{"line":104,"column":61}}]},"11":{"line":112,"type":"binary-expr","locations":[{"start":{"line":112,"column":45},"end":{"line":112,"column":79},"skip":true},{"start":{"line":112,"column":83},"end":{"line":121,"column":9},"skip":true}]},"12":{"line":123,"type":"binary-expr","locations":[{"start":{"line":123,"column":42},"end":{"line":123,"column":73},"skip":true},{"start":{"line":123,"column":77},"end":{"line":136,"column":9},"skip":true}]},"13":{"line":138,"type":"binary-expr","locations":[{"start":{"line":138,"column":48},"end":{"line":138,"column":85},"skip":true},{"start":{"line":139,"column":12},"end":{"line":145,"column":13},"skip":true}]},"14":{"line":147,"type":"binary-expr","locations":[{"start":{"line":147,"column":42},"end":{"line":147,"column":73},"skip":true},{"start":{"line":147,"column":77},"end":{"line":156,"column":9},"skip":true}]},"15":{"line":158,"type":"binary-expr","locations":[{"start":{"line":158,"column":45},"end":{"line":158,"column":79},"skip":true},{"start":{"line":158,"column":83},"end":{"line":167,"column":9},"skip":true}]},"16":{"line":169,"type":"binary-expr","locations":[{"start":{"line":169,"column":43},"end":{"line":169,"column":75},"skip":true},{"start":{"line":169,"column":79},"end":{"line":178,"column":9},"skip":true}]},"17":{"line":180,"type":"binary-expr","locations":[{"start":{"line":180,"column":41},"end":{"line":180,"column":71},"skip":true},{"start":{"line":180,"column":75},"end":{"line":189,"column":9},"skip":true}]}},"code":["/* istanbul instrument in package npmtest_gzippo */","/*jslint","    bitwise: true,","    browser: true,","    maxerr: 8,","    maxlen: 96,","    node: true,","    nomen: true,","    regexp: true,","    stupid: true","*/","(function () {","    'use strict';","    var local;","","","","    // run shared js-env code - pre-init","    (function () {","        // init local","        local = {};","        // init modeJs","        local.modeJs = (function () {","            try {","                return typeof navigator.userAgent === 'string' &&","                    typeof document.querySelector('body') === 'object' &&","                    typeof XMLHttpRequest.prototype.open === 'function' &&","                    'browser';","            } catch (errorCaughtBrowser) {","                return module.exports &&","                    typeof process.versions.node === 'string' &&","                    typeof require('http').createServer === 'function' &&","                    'node';","            }","        }());","        // init global","        local.global = local.modeJs === 'browser'","            ? window","            : global;","        switch (local.modeJs) {","        // re-init local from window.local","        case 'browser':","            local = local.global.utility2.objectSetDefault(","                local.global.utility2_rollup || local.global.local,","                local.global.utility2","            );","            break;","        // re-init local from example.js","        case 'node':","            local = (local.global.utility2_rollup || require('utility2'))","                .requireReadme();","            break;","        }","        // export local","        local.global.local = local;","    }());","","","","    // run shared js-env code - function","    (function () {","        return;","    }());","    switch (local.modeJs) {","","","","    // run browser js-env code - function","    case 'browser':","        break;","","","","    // run node js-env code - function","    case 'node':","        break;","    }","","","","    // run shared js-env code - post-init","    (function () {","        return;","    }());","    switch (local.modeJs) {","","","","    // run browser js-env code - post-init","    case 'browser':","        local.testCase_browser_nullCase = local.testCase_browser_nullCase || function (","            options,","            onError","        ) {","        /*","         * this function will test browsers's null-case handling-behavior-behavior","         */","            onError(null, options);","        };","","        // run tests","        local.nop(local.modeTest &&","            document.querySelector('#testRunButton1') &&","            document.querySelector('#testRunButton1').click());","        break;","","","","    // run node js-env code - post-init","    /* istanbul ignore next */","    case 'node':","        local.testCase_buildApidoc_default = local.testCase_buildApidoc_default || function (","            options,","            onError","        ) {","        /*","         * this function will test buildApidoc's default handling-behavior-behavior","         */","            options = { modulePathList: module.paths };","            local.buildApidoc(options, onError);","        };","","        local.testCase_buildApp_default = local.testCase_buildApp_default || function (","            options,","            onError","        ) {","        /*","         * this function will test buildApp's default handling-behavior-behavior","         */","            local.testCase_buildReadme_default(options, local.onErrorThrow);","            local.testCase_buildLib_default(options, local.onErrorThrow);","            local.testCase_buildTest_default(options, local.onErrorThrow);","            local.testCase_buildCustomOrg_default(options, local.onErrorThrow);","            options = [];","            local.buildApp(options, onError);","        };","","        local.testCase_buildCustomOrg_default = local.testCase_buildCustomOrg_default ||","            function (options, onError) {","            /*","             * this function will test buildCustomOrg's default handling-behavior","             */","                options = {};","                local.buildCustomOrg(options, onError);","            };","","        local.testCase_buildLib_default = local.testCase_buildLib_default || function (","            options,","            onError","        ) {","        /*","         * this function will test buildLib's default handling-behavior","         */","            options = {};","            local.buildLib(options, onError);","        };","","        local.testCase_buildReadme_default = local.testCase_buildReadme_default || function (","            options,","            onError","        ) {","        /*","         * this function will test buildReadme's default handling-behavior-behavior","         */","            options = {};","            local.buildReadme(options, onError);","        };","","        local.testCase_buildTest_default = local.testCase_buildTest_default || function (","            options,","            onError","        ) {","        /*","         * this function will test buildTest's default handling-behavior","         */","            options = {};","            local.buildTest(options, onError);","        };","","        local.testCase_webpage_default = local.testCase_webpage_default || function (","            options,","            onError","        ) {","        /*","         * this function will test webpage's default handling-behavior","         */","            options = { modeCoverageMerge: true, url: local.serverLocalHost + '?modeTest=1' };","            local.browserTest(options, onError);","        };","","        // run test-server","        local.testRunServer(local);","        break;","    }","}());",""],"l":{"12":2,"14":2,"19":2,"21":2,"23":2,"24":2,"25":2,"30":1,"37":2,"40":2,"43":1,"47":1,"50":1,"52":1,"55":2,"61":2,"62":2,"64":2,"70":1,"76":1,"82":2,"83":2,"85":2,"91":1,"98":1,"102":1,"105":1,"112":1,"119":1,"120":1,"123":1,"130":1,"131":1,"132":1,"133":1,"134":1,"135":1,"138":1,"143":2,"144":2,"147":1,"154":2,"155":2,"158":1,"165":2,"166":2,"169":1,"176":2,"177":2,"180":1,"187":1,"188":1,"192":1,"193":1}},"/home/travis/build/npmtest/node-npmtest-gzippo/lib.npmtest_gzippo.js":{"path":"/home/travis/build/npmtest/node-npmtest-gzippo/lib.npmtest_gzippo.js","s":{"1":2,"2":2,"3":2,"4":2,"5":2,"6":2,"7":2,"8":1,"9":2,"10":2,"11":2,"12":2,"13":1,"14":1,"15":1,"16":1},"b":{"1":[2,1,1,1],"2":[1,1,1,1],"3":[1,1],"4":[2,2],"5":[1,1]},"f":{"1":2,"2":2,"3":2},"fnMap":{"1":{"name":"(anonymous_1)","line":12,"loc":{"start":{"line":12,"column":1},"end":{"line":12,"column":13}}},"2":{"name":"(anonymous_2)","line":19,"loc":{"start":{"line":19,"column":5},"end":{"line":19,"column":17}}},"3":{"name":"(anonymous_3)","line":23,"loc":{"start":{"line":23,"column":24},"end":{"line":23,"column":36}}}},"statementMap":{"1":{"start":{"line":12,"column":0},"end":{"line":53,"column":5}},"2":{"start":{"line":14,"column":4},"end":{"line":14,"column":14}},"3":{"start":{"line":19,"column":4},"end":{"line":52,"column":9}},"4":{"start":{"line":21,"column":8},"end":{"line":21,"column":19}},"5":{"start":{"line":23,"column":8},"end":{"line":35,"column":13}},"6":{"start":{"line":24,"column":12},"end":{"line":34,"column":13}},"7":{"start":{"line":25,"column":16},"end":{"line":28,"column":30}},"8":{"start":{"line":30,"column":16},"end":{"line":33,"column":27}},"9":{"start":{"line":37,"column":8},"end":{"line":39,"column":21}},"10":{"start":{"line":41,"column":8},"end":{"line":41,"column":54}},"11":{"start":{"line":43,"column":8},"end":{"line":43,"column":51}},"12":{"start":{"line":45,"column":8},"end":{"line":51,"column":9}},"13":{"start":{"line":46,"column":12},"end":{"line":46,"column":57}},"14":{"start":{"line":48,"column":12},"end":{"line":48,"column":35}},"15":{"start":{"line":49,"column":12},"end":{"line":49,"column":49}},"16":{"start":{"line":50,"column":12},"end":{"line":50,"column":43}}},"branchMap":{"1":{"line":25,"type":"binary-expr","locations":[{"start":{"line":25,"column":23},"end":{"line":25,"column":62}},{"start":{"line":26,"column":20},"end":{"line":26,"column":70}},{"start":{"line":27,"column":20},"end":{"line":27,"column":71}},{"start":{"line":28,"column":20},"end":{"line":28,"column":29}}]},"2":{"line":30,"type":"binary-expr","locations":[{"start":{"line":30,"column":23},"end":{"line":30,"column":37}},{"start":{"line":31,"column":20},"end":{"line":31,"column":61}},{"start":{"line":32,"column":20},"end":{"line":32,"column":70}},{"start":{"line":33,"column":20},"end":{"line":33,"column":26}}]},"3":{"line":37,"type":"cond-expr","locations":[{"start":{"line":38,"column":14},"end":{"line":38,"column":20}},{"start":{"line":39,"column":14},"end":{"line":39,"column":20}}]},"4":{"line":41,"type":"binary-expr","locations":[{"start":{"line":41,"column":16},"end":{"line":41,"column":44}},{"start":{"line":41,"column":48},"end":{"line":41,"column":53}}]},"5":{"line":45,"type":"if","locations":[{"start":{"line":45,"column":8},"end":{"line":45,"column":8}},{"start":{"line":45,"column":8},"end":{"line":45,"column":8}}]}},"code":["/* istanbul instrument in package npmtest_gzippo */","/*jslint","    bitwise: true,","    browser: true,","    maxerr: 8,","    maxlen: 96,","    node: true,","    nomen: true,","    regexp: true,","    stupid: true","*/","(function () {","    'use strict';","    var local;","","","","    // run shared js-env code - pre-init","    (function () {","        // init local","        local = {};","        // init modeJs","        local.modeJs = (function () {","            try {","                return typeof navigator.userAgent === 'string' &&","                    typeof document.querySelector('body') === 'object' &&","                    typeof XMLHttpRequest.prototype.open === 'function' &&","                    'browser';","            } catch (errorCaughtBrowser) {","                return module.exports &&","                    typeof process.versions.node === 'string' &&","                    typeof require('http').createServer === 'function' &&","                    'node';","            }","        }());","        // init global","        local.global = local.modeJs === 'browser'","            ? window","            : global;","        // init utility2_rollup","        local = local.global.utility2_rollup || local;","        // init lib","        local.local = local.npmtest_gzippo = local;","        // init exports","        if (local.modeJs === 'browser') {","            local.global.utility2_npmtest_gzippo = local;","        } else {","            module.exports = local;","            module.exports.__dirname = __dirname;","            module.exports.module = module;","        }","    }());","}());",""],"l":{"12":2,"14":2,"19":2,"21":2,"23":2,"24":2,"25":2,"30":1,"37":2,"41":2,"43":2,"45":2,"46":1,"48":1,"49":1,"50":1}},"/home/travis/build/npmtest/node-npmtest-gzippo/example.js":{"path":"/home/travis/build/npmtest/node-npmtest-gzippo/example.js","s":{"1":2,"2":2,"3":2,"4":2,"5":2,"6":2,"7":2,"8":1,"9":2,"10":2,"11":2,"12":2,"13":1,"14":2,"15":2,"16":2,"17":2,"18":2,"19":0,"20":2,"21":1,"22":1,"23":1,"24":1,"25":1,"26":0,"27":0,"28":1,"29":1,"30":2,"31":0,"32":0,"33":0,"34":1,"35":2,"36":2,"37":3,"38":3,"39":3,"40":3,"41":0,"42":3,"43":3,"44":3,"45":1,"46":3,"47":1,"48":1,"49":1,"50":1,"51":1,"52":1,"53":1,"54":1,"55":1,"56":1,"57":0,"58":1,"59":6,"60":6,"61":1,"62":2,"63":0,"64":2,"65":1,"66":1,"67":0,"68":0,"69":0,"70":0,"71":0,"72":0,"73":0,"74":0,"75":0,"76":0,"77":0,"78":0,"79":0,"80":0,"81":0,"82":0,"83":0},"b":{"1":[2,1,1,1],"2":[1,1,1,1],"3":[1,1],"4":[2,2],"5":[1,1],"6":[1,1],"7":[2,0],"8":[2,1,1,1,1,1],"9":[0,2,0],"10":[1,1],"11":[2,1,1],"12":[1,0],"13":[0,2],"14":[2,0,0,0,0,0,0],"15":[0,3],"16":[3,0],"17":[1,1],"18":[0,1],"19":[1,2,0,2],"20":[1,0],"21":[1,1],"22":[0,0],"23":[0,0],"24":[0,0],"25":[0,0],"26":[0,0],"27":[0,0],"28":[0,0]},"f":{"1":2,"2":2,"3":2,"4":2,"5":2,"6":2,"7":3,"8":3,"9":3,"10":1,"11":6,"12":0},"fnMap":{"1":{"name":"(anonymous_1)","line":26,"loc":{"start":{"line":26,"column":1},"end":{"line":26,"column":13}}},"2":{"name":"(anonymous_2)","line":33,"loc":{"start":{"line":33,"column":5},"end":{"line":33,"column":17}}},"3":{"name":"(anonymous_3)","line":37,"loc":{"start":{"line":37,"column":24},"end":{"line":37,"column":36}}},"4":{"name":"(anonymous_4)","line":69,"loc":{"start":{"line":69,"column":31},"end":{"line":69,"column":48}},"skip":true},"5":{"name":"(anonymous_5)","line":78,"loc":{"start":{"line":78,"column":26},"end":{"line":78,"column":45}},"skip":true},"6":{"name":"(anonymous_6)","line":123,"loc":{"start":{"line":123,"column":33},"end":{"line":123,"column":48}},"skip":true},"7":{"name":"(anonymous_7)","line":125,"loc":{"start":{"line":125,"column":27},"end":{"line":125,"column":39}},"skip":true},"8":{"name":"(anonymous_8)","line":133,"loc":{"start":{"line":133,"column":59},"end":{"line":133,"column":74}},"skip":true},"9":{"name":"(anonymous_9)","line":143,"loc":{"start":{"line":143,"column":45},"end":{"line":143,"column":62}},"skip":true},"10":{"name":"(anonymous_10)","line":144,"loc":{"start":{"line":144,"column":73},"end":{"line":144,"column":92}},"skip":true},"11":{"name":"(anonymous_11)","line":272,"loc":{"start":{"line":272,"column":51},"end":{"line":272,"column":77}},"skip":true},"12":{"name":"(anonymous_12)","line":315,"loc":{"start":{"line":315,"column":32},"end":{"line":315,"column":61}},"skip":true}},"statementMap":{"1":{"start":{"line":26,"column":0},"end":{"line":326,"column":5}},"2":{"start":{"line":28,"column":4},"end":{"line":28,"column":14}},"3":{"start":{"line":33,"column":4},"end":{"line":60,"column":9}},"4":{"start":{"line":35,"column":8},"end":{"line":35,"column":19}},"5":{"start":{"line":37,"column":8},"end":{"line":49,"column":13}},"6":{"start":{"line":38,"column":12},"end":{"line":48,"column":13}},"7":{"start":{"line":39,"column":16},"end":{"line":42,"column":30}},"8":{"start":{"line":44,"column":16},"end":{"line":47,"column":27}},"9":{"start":{"line":51,"column":8},"end":{"line":53,"column":21}},"10":{"start":{"line":55,"column":8},"end":{"line":57,"column":45}},"11":{"start":{"line":59,"column":8},"end":{"line":59,"column":35}},"12":{"start":{"line":61,"column":4},"end":{"line":325,"column":5}},"13":{"start":{"line":69,"column":8},"end":{"line":121,"column":10},"skip":true},"14":{"start":{"line":70,"column":12},"end":{"line":88,"column":13},"skip":true},"15":{"start":{"line":76,"column":16},"end":{"line":87,"column":19},"skip":true},"16":{"start":{"line":79,"column":20},"end":{"line":86,"column":21},"skip":true},"17":{"start":{"line":82,"column":24},"end":{"line":82,"column":43},"skip":true},"18":{"start":{"line":83,"column":24},"end":{"line":83,"column":30},"skip":true},"19":{"start":{"line":85,"column":24},"end":{"line":85,"column":49},"skip":true},"20":{"start":{"line":89,"column":12},"end":{"line":107,"column":13},"skip":true},"21":{"start":{"line":92,"column":16},"end":{"line":102,"column":17},"skip":true},"22":{"start":{"line":93,"column":20},"end":{"line":93,"column":86},"skip":true},"23":{"start":{"line":94,"column":20},"end":{"line":95,"column":45},"skip":true},"24":{"start":{"line":96,"column":20},"end":{"line":96,"column":42},"skip":true},"25":{"start":{"line":97,"column":20},"end":{"line":97,"column":48},"skip":true},"26":{"start":{"line":100,"column":20},"end":{"line":100,"column":85},"skip":true},"27":{"start":{"line":101,"column":20},"end":{"line":101,"column":96},"skip":true},"28":{"start":{"line":103,"column":16},"end":{"line":103,"column":22},"skip":true},"29":{"start":{"line":106,"column":16},"end":{"line":106,"column":22},"skip":true},"30":{"start":{"line":108,"column":12},"end":{"line":120,"column":13},"skip":true},"31":{"start":{"line":114,"column":16},"end":{"line":119,"column":17},"skip":true},"32":{"start":{"line":116,"column":20},"end":{"line":116,"column":78},"skip":true},"33":{"start":{"line":118,"column":20},"end":{"line":118,"column":47},"skip":true},"34":{"start":{"line":123,"column":8},"end":{"line":141,"column":11},"skip":true},"35":{"start":{"line":124,"column":12},"end":{"line":124,"column":54},"skip":true},"36":{"start":{"line":125,"column":12},"end":{"line":140,"column":14},"skip":true},"37":{"start":{"line":126,"column":16},"end":{"line":126,"column":28},"skip":true},"38":{"start":{"line":127,"column":16},"end":{"line":127,"column":69},"skip":true},"39":{"start":{"line":128,"column":16},"end":{"line":128,"column":75},"skip":true},"40":{"start":{"line":129,"column":16},"end":{"line":131,"column":17},"skip":true},"41":{"start":{"line":130,"column":20},"end":{"line":130,"column":27},"skip":true},"42":{"start":{"line":133,"column":16},"end":{"line":137,"column":36},"skip":true},"43":{"start":{"line":134,"column":20},"end":{"line":136,"column":55},"skip":true},"44":{"start":{"line":139,"column":16},"end":{"line":139,"column":57},"skip":true},"45":{"start":{"line":143,"column":8},"end":{"line":147,"column":11},"skip":true},"46":{"start":{"line":144,"column":12},"end":{"line":146,"column":15},"skip":true},"47":{"start":{"line":145,"column":16},"end":{"line":145,"column":70},"skip":true},"48":{"start":{"line":149,"column":8},"end":{"line":149,"column":31},"skip":true},"49":{"start":{"line":150,"column":8},"end":{"line":150,"column":14},"skip":true},"50":{"start":{"line":158,"column":8},"end":{"line":158,"column":31},"skip":true},"51":{"start":{"line":160,"column":8},"end":{"line":160,"column":33},"skip":true},"52":{"start":{"line":161,"column":8},"end":{"line":161,"column":37},"skip":true},"53":{"start":{"line":162,"column":8},"end":{"line":162,"column":35},"skip":true},"54":{"start":{"line":164,"column":8},"end":{"line":164,"column":50},"skip":true},"55":{"start":{"line":166,"column":8},"end":{"line":256,"column":2},"skip":true},"56":{"start":{"line":258,"column":8},"end":{"line":286,"column":9},"skip":true},"57":{"start":{"line":259,"column":12},"end":{"line":269,"column":14},"skip":true},"58":{"start":{"line":271,"column":12},"end":{"line":285,"column":19},"skip":true},"59":{"start":{"line":274,"column":20},"end":{"line":274,"column":35},"skip":true},"60":{"start":{"line":275,"column":20},"end":{"line":284,"column":21},"skip":true},"61":{"start":{"line":277,"column":24},"end":{"line":277,"column":64},"skip":true},"62":{"start":{"line":279,"column":24},"end":{"line":279,"column":40},"skip":true},"63":{"start":{"line":281,"column":24},"end":{"line":281,"column":40},"skip":true},"64":{"start":{"line":283,"column":24},"end":{"line":283,"column":39},"skip":true},"65":{"start":{"line":288,"column":8},"end":{"line":290,"column":9},"skip":true},"66":{"start":{"line":289,"column":12},"end":{"line":289,"column":18},"skip":true},"67":{"start":{"line":291,"column":8},"end":{"line":293,"column":54},"skip":true},"68":{"start":{"line":296,"column":8},"end":{"line":301,"column":37},"skip":true},"69":{"start":{"line":303,"column":8},"end":{"line":303,"column":82},"skip":true},"70":{"start":{"line":306,"column":8},"end":{"line":308,"column":9},"skip":true},"71":{"start":{"line":307,"column":12},"end":{"line":307,"column":82},"skip":true},"72":{"start":{"line":310,"column":8},"end":{"line":312,"column":9},"skip":true},"73":{"start":{"line":311,"column":12},"end":{"line":311,"column":18},"skip":true},"74":{"start":{"line":313,"column":8},"end":{"line":313,"column":54},"skip":true},"75":{"start":{"line":314,"column":8},"end":{"line":314,"column":69},"skip":true},"76":{"start":{"line":315,"column":8},"end":{"line":323,"column":36},"skip":true},"77":{"start":{"line":316,"column":12},"end":{"line":316,"column":61},"skip":true},"78":{"start":{"line":317,"column":12},"end":{"line":320,"column":13},"skip":true},"79":{"start":{"line":318,"column":16},"end":{"line":318,"column":75},"skip":true},"80":{"start":{"line":319,"column":16},"end":{"line":319,"column":23},"skip":true},"81":{"start":{"line":321,"column":12},"end":{"line":321,"column":38},"skip":true},"82":{"start":{"line":322,"column":12},"end":{"line":322,"column":27},"skip":true},"83":{"start":{"line":324,"column":8},"end":{"line":324,"column":14},"skip":true}},"branchMap":{"1":{"line":39,"type":"binary-expr","locations":[{"start":{"line":39,"column":23},"end":{"line":39,"column":62}},{"start":{"line":40,"column":20},"end":{"line":40,"column":70}},{"start":{"line":41,"column":20},"end":{"line":41,"column":71}},{"start":{"line":42,"column":20},"end":{"line":42,"column":29}}]},"2":{"line":44,"type":"binary-expr","locations":[{"start":{"line":44,"column":23},"end":{"line":44,"column":37}},{"start":{"line":45,"column":20},"end":{"line":45,"column":61}},{"start":{"line":46,"column":20},"end":{"line":46,"column":70}},{"start":{"line":47,"column":20},"end":{"line":47,"column":26}}]},"3":{"line":51,"type":"cond-expr","locations":[{"start":{"line":52,"column":14},"end":{"line":52,"column":20}},{"start":{"line":53,"column":14},"end":{"line":53,"column":20}}]},"4":{"line":55,"type":"binary-expr","locations":[{"start":{"line":55,"column":16},"end":{"line":55,"column":44}},{"start":{"line":55,"column":49},"end":{"line":57,"column":43}}]},"5":{"line":55,"type":"cond-expr","locations":[{"start":{"line":56,"column":14},"end":{"line":56,"column":50}},{"start":{"line":57,"column":14},"end":{"line":57,"column":43}}]},"6":{"line":61,"type":"switch","locations":[{"start":{"line":68,"column":4},"end":{"line":150,"column":14},"skip":true},{"start":{"line":156,"column":4},"end":{"line":324,"column":14},"skip":true}]},"7":{"line":70,"type":"if","locations":[{"start":{"line":70,"column":12},"end":{"line":70,"column":12},"skip":true},{"start":{"line":70,"column":12},"end":{"line":70,"column":12},"skip":true}]},"8":{"line":70,"type":"binary-expr","locations":[{"start":{"line":70,"column":16},"end":{"line":70,"column":22},"skip":true},{"start":{"line":70,"column":27},"end":{"line":70,"column":32},"skip":true},{"start":{"line":71,"column":20},"end":{"line":71,"column":39},"skip":true},{"start":{"line":72,"column":20},"end":{"line":72,"column":49},"skip":true},{"start":{"line":73,"column":20},"end":{"line":73,"column":58},"skip":true},{"start":{"line":74,"column":20},"end":{"line":74,"column":69},"skip":true}]},"9":{"line":79,"type":"switch","locations":[{"start":{"line":80,"column":20},"end":{"line":80,"column":33},"skip":true},{"start":{"line":81,"column":20},"end":{"line":83,"column":30},"skip":true},{"start":{"line":84,"column":20},"end":{"line":85,"column":49},"skip":true}]},"10":{"line":89,"type":"switch","locations":[{"start":{"line":90,"column":12},"end":{"line":103,"column":22},"skip":true},{"start":{"line":105,"column":12},"end":{"line":106,"column":22},"skip":true}]},"11":{"line":89,"type":"binary-expr","locations":[{"start":{"line":89,"column":20},"end":{"line":89,"column":25},"skip":true},{"start":{"line":89,"column":29},"end":{"line":89,"column":48},"skip":true},{"start":{"line":89,"column":52},"end":{"line":89,"column":74},"skip":true}]},"12":{"line":92,"type":"if","locations":[{"start":{"line":92,"column":16},"end":{"line":92,"column":16},"skip":true},{"start":{"line":92,"column":16},"end":{"line":92,"column":16},"skip":true}]},"13":{"line":108,"type":"if","locations":[{"start":{"line":108,"column":12},"end":{"line":108,"column":12},"skip":true},{"start":{"line":108,"column":12},"end":{"line":108,"column":12},"skip":true}]},"14":{"line":108,"type":"binary-expr","locations":[{"start":{"line":108,"column":16},"end":{"line":108,"column":61},"skip":true},{"start":{"line":108,"column":66},"end":{"line":108,"column":72},"skip":true},{"start":{"line":108,"column":77},"end":{"line":108,"column":82},"skip":true},{"start":{"line":109,"column":20},"end":{"line":109,"column":39},"skip":true},{"start":{"line":110,"column":20},"end":{"line":110,"column":49},"skip":true},{"start":{"line":111,"column":20},"end":{"line":111,"column":58},"skip":true},{"start":{"line":112,"column":20},"end":{"line":112,"column":68},"skip":true}]},"15":{"line":129,"type":"if","locations":[{"start":{"line":129,"column":16},"end":{"line":129,"column":16},"skip":true},{"start":{"line":129,"column":16},"end":{"line":129,"column":16},"skip":true}]},"16":{"line":134,"type":"cond-expr","locations":[{"start":{"line":135,"column":26},"end":{"line":135,"column":29},"skip":true},{"start":{"line":136,"column":26},"end":{"line":136,"column":54},"skip":true}]},"17":{"line":164,"type":"binary-expr","locations":[{"start":{"line":164,"column":27},"end":{"line":164,"column":43},"skip":true},{"start":{"line":164,"column":47},"end":{"line":164,"column":49},"skip":true}]},"18":{"line":258,"type":"if","locations":[{"start":{"line":258,"column":8},"end":{"line":258,"column":8},"skip":true},{"start":{"line":258,"column":8},"end":{"line":258,"column":8},"skip":true}]},"19":{"line":275,"type":"switch","locations":[{"start":{"line":276,"column":20},"end":{"line":277,"column":64},"skip":true},{"start":{"line":278,"column":20},"end":{"line":279,"column":40},"skip":true},{"start":{"line":280,"column":20},"end":{"line":281,"column":40},"skip":true},{"start":{"line":282,"column":20},"end":{"line":283,"column":39},"skip":true}]},"20":{"line":288,"type":"if","locations":[{"start":{"line":288,"column":8},"end":{"line":288,"column":8},"skip":true},{"start":{"line":288,"column":8},"end":{"line":288,"column":8},"skip":true}]},"21":{"line":288,"type":"binary-expr","locations":[{"start":{"line":288,"column":12},"end":{"line":288,"column":40},"skip":true},{"start":{"line":288,"column":44},"end":{"line":288,"column":67},"skip":true}]},"22":{"line":292,"type":"binary-expr","locations":[{"start":{"line":292,"column":12},"end":{"line":292,"column":50},"skip":true},{"start":{"line":293,"column":12},"end":{"line":293,"column":53},"skip":true}]},"23":{"line":297,"type":"binary-expr","locations":[{"start":{"line":297,"column":12},"end":{"line":297,"column":64},"skip":true},{"start":{"line":298,"column":12},"end":{"line":301,"column":36},"skip":true}]},"24":{"line":303,"type":"binary-expr","locations":[{"start":{"line":303,"column":43},"end":{"line":303,"column":75},"skip":true},{"start":{"line":303,"column":79},"end":{"line":303,"column":81},"skip":true}]},"25":{"line":306,"type":"if","locations":[{"start":{"line":306,"column":8},"end":{"line":306,"column":8},"skip":true},{"start":{"line":306,"column":8},"end":{"line":306,"column":8},"skip":true}]},"26":{"line":310,"type":"if","locations":[{"start":{"line":310,"column":8},"end":{"line":310,"column":8},"skip":true},{"start":{"line":310,"column":8},"end":{"line":310,"column":8},"skip":true}]},"27":{"line":313,"type":"binary-expr","locations":[{"start":{"line":313,"column":27},"end":{"line":313,"column":43},"skip":true},{"start":{"line":313,"column":47},"end":{"line":313,"column":53},"skip":true}]},"28":{"line":317,"type":"if","locations":[{"start":{"line":317,"column":12},"end":{"line":317,"column":12},"skip":true},{"start":{"line":317,"column":12},"end":{"line":317,"column":12},"skip":true}]}},"code":["/*","example.js","","quickstart example","","instruction","    1. save this script as example.js","    2. run the shell command:","        $ npm install npmtest-gzippo && PORT=8081 node example.js","    3. play with the browser-demo on http://127.0.0.1:8081","*/","","","","/* istanbul instrument in package npmtest_gzippo */","/*jslint","    bitwise: true,","    browser: true,","    maxerr: 8,","    maxlen: 96,","    node: true,","    nomen: true,","    regexp: true,","    stupid: true","*/","(function () {","    'use strict';","    var local;","","","","    // run shared js-env code - pre-init","    (function () {","        // init local","        local = {};","        // init modeJs","        local.modeJs = (function () {","            try {","                return typeof navigator.userAgent === 'string' &&","                    typeof document.querySelector('body') === 'object' &&","                    typeof XMLHttpRequest.prototype.open === 'function' &&","                    'browser';","            } catch (errorCaughtBrowser) {","                return module.exports &&","                    typeof process.versions.node === 'string' &&","                    typeof require('http').createServer === 'function' &&","                    'node';","            }","        }());","        // init global","        local.global = local.modeJs === 'browser'","            ? window","            : global;","        // init utility2_rollup","        local = local.global.utility2_rollup || (local.modeJs === 'browser'","            ? local.global.utility2_npmtest_gzippo","            : global.utility2_moduleExports);","        // export local","        local.global.local = local;","    }());","    switch (local.modeJs) {","","","","    // post-init","    // run browser js-env code - post-init","    /* istanbul ignore next */","    case 'browser':","        local.testRunBrowser = function (event) {","            if (!event || (event &&","                    event.currentTarget &&","                    event.currentTarget.className &&","                    event.currentTarget.className.includes &&","                    event.currentTarget.className.includes('onreset'))) {","                // reset output","                Array.from(","                    document.querySelectorAll('body > .resettable')","                ).forEach(function (element) {","                    switch (element.tagName) {","                    case 'INPUT':","                    case 'TEXTAREA':","                        element.value = '';","                        break;","                    default:","                        element.textContent = '';","                    }","                });","            }","            switch (event && event.currentTarget && event.currentTarget.id) {","            case 'testRunButton1':","                // show tests","                if (document.querySelector('#testReportDiv1').style.display === 'none') {","                    document.querySelector('#testReportDiv1').style.display = 'block';","                    document.querySelector('#testRunButton1').textContent =","                        'hide internal test';","                    local.modeTest = true;","                    local.testRunDefault(local);","                // hide tests","                } else {","                    document.querySelector('#testReportDiv1').style.display = 'none';","                    document.querySelector('#testRunButton1').textContent = 'run internal test';","                }","                break;","            // custom-case","            default:","                break;","            }","            if (document.querySelector('#inputTextareaEval1') && (!event || (event &&","                    event.currentTarget &&","                    event.currentTarget.className &&","                    event.currentTarget.className.includes &&","                    event.currentTarget.className.includes('oneval')))) {","                // try to eval input-code","                try {","                    /*jslint evil: true*/","                    eval(document.querySelector('#inputTextareaEval1').value);","                } catch (errorCaught) {","                    console.error(errorCaught);","                }","            }","        };","        // log stderr and stdout to #outputTextareaStdout1","        ['error', 'log'].forEach(function (key) {","            console[key + '_original'] = console[key];","            console[key] = function () {","                var element;","                console[key + '_original'].apply(console, arguments);","                element = document.querySelector('#outputTextareaStdout1');","                if (!element) {","                    return;","                }","                // append text to #outputTextareaStdout1","                element.value += Array.from(arguments).map(function (arg) {","                    return typeof arg === 'string'","                        ? arg","                        : JSON.stringify(arg, null, 4);","                }).join(' ') + '\\n';","                // scroll textarea to bottom","                element.scrollTop = element.scrollHeight;","            };","        });","        // init event-handling","        ['change', 'click', 'keyup'].forEach(function (event) {","            Array.from(document.querySelectorAll('.on' + event)).forEach(function (element) {","                element.addEventListener(event, local.testRunBrowser);","            });","        });","        // run tests","        local.testRunBrowser();","        break;","","","","    // run node js-env code - post-init","    /* istanbul ignore next */","    case 'node':","        // export local","        module.exports = local;","        // require modules","        local.fs = require('fs');","        local.http = require('http');","        local.url = require('url');","        // init assets","        local.assetsDict = local.assetsDict || {};","        /* jslint-ignore-begin */","        local.assetsDict['/assets.index.template.html'] = '\\","<!doctype html>\\n\\","<html lang=\"en\">\\n\\","<head>\\n\\","<meta charset=\"UTF-8\">\\n\\","<meta name=\"viewport\" content=\"width=device-width, initial-scale=1\">\\n\\","<title>{{env.npm_package_name}} (v{{env.npm_package_version}})</title>\\n\\","<style>\\n\\","/*csslint\\n\\","    box-sizing: false,\\n\\","    universal-selector: false\\n\\","*/\\n\\","* {\\n\\","    box-sizing: border-box;\\n\\","}\\n\\","body {\\n\\","    background: #dde;\\n\\","    font-family: Arial, Helvetica, sans-serif;\\n\\","    margin: 2rem;\\n\\","}\\n\\","body > * {\\n\\","    margin-bottom: 1rem;\\n\\","}\\n\\",".utility2FooterDiv {\\n\\","    margin-top: 20px;\\n\\","    text-align: center;\\n\\","}\\n\\","</style>\\n\\","<style>\\n\\","/*csslint\\n\\","*/\\n\\","textarea {\\n\\","    font-family: monospace;\\n\\","    height: 10rem;\\n\\","    width: 100%;\\n\\","}\\n\\","textarea[readonly] {\\n\\","    background: #ddd;\\n\\","}\\n\\","</style>\\n\\","</head>\\n\\","<body>\\n\\","<!-- utility2-comment\\n\\","<div id=\"ajaxProgressDiv1\" style=\"background: #d00; height: 2px; left: 0; margin: 0; padding: 0; position: fixed; top: 0; transition: background 0.5s, width 1.5s; width: 25%;\"></div>\\n\\","utility2-comment -->\\n\\","<h1>\\n\\","<!-- utility2-comment\\n\\","    <a\\n\\","        {{#if env.npm_package_homepage}}\\n\\","        href=\"{{env.npm_package_homepage}}\"\\n\\","        {{/if env.npm_package_homepage}}\\n\\","        target=\"_blank\"\\n\\","    >\\n\\","utility2-comment -->\\n\\","        {{env.npm_package_name}} (v{{env.npm_package_version}})\\n\\","<!-- utility2-comment\\n\\","    </a>\\n\\","utility2-comment -->\\n\\","</h1>\\n\\","<h3>{{env.npm_package_description}}</h3>\\n\\","<!-- utility2-comment\\n\\","<h4><a download href=\"assets.app.js\">download standalone app</a></h4>\\n\\","<button class=\"onclick onreset\" id=\"testRunButton1\">run internal test</button><br>\\n\\","<div id=\"testReportDiv1\" style=\"display: none;\"></div>\\n\\","utility2-comment -->\\n\\","\\n\\","\\n\\","\\n\\","<label>stderr and stdout</label>\\n\\","<textarea class=\"resettable\" id=\"outputTextareaStdout1\" readonly></textarea>\\n\\","<!-- utility2-comment\\n\\","{{#if isRollup}}\\n\\","<script src=\"assets.app.js\"></script>\\n\\","{{#unless isRollup}}\\n\\","utility2-comment -->\\n\\","<script src=\"assets.utility2.rollup.js\"></script>\\n\\","<script src=\"jsonp.utility2._stateInit?callback=window.utility2._stateInit\"></script>\\n\\","<script src=\"assets.npmtest_gzippo.rollup.js\"></script>\\n\\","<script src=\"assets.example.js\"></script>\\n\\","<script src=\"assets.test.js\"></script>\\n\\","<!-- utility2-comment\\n\\","{{/if isRollup}}\\n\\","utility2-comment -->\\n\\","<div class=\"utility2FooterDiv\">\\n\\","    [ this app was created with\\n\\","    <a href=\"https://github.com/kaizhu256/node-utility2\" target=\"_blank\">utility2</a>\\n\\","    ]\\n\\","</div>\\n\\","</body>\\n\\","</html>\\n\\","';","        /* jslint-ignore-end */","        if (local.templateRender) {","            local.assetsDict['/'] = local.templateRender(","                local.assetsDict['/assets.index.template.html'],","                {","                    env: local.objectSetDefault(local.env, {","                        npm_package_description: 'the greatest app in the world!',","                        npm_package_name: 'my-app',","                        npm_package_nameAlias: 'my_app',","                        npm_package_version: '0.0.1'","                    })","                }","            );","        } else {","            local.assetsDict['/'] = local.assetsDict['/assets.index.template.html']","                .replace((/\\{\\{env\\.(\\w+?)\\}\\}/g), function (match0, match1) {","                    // jslint-hack","                    String(match0);","                    switch (match1) {","                    case 'npm_package_description':","                        return 'the greatest app in the world!';","                    case 'npm_package_name':","                        return 'my-app';","                    case 'npm_package_nameAlias':","                        return 'my_app';","                    case 'npm_package_version':","                        return '0.0.1';","                    }","                });","        }","        // run the cli","        if (local.global.utility2_rollup || module !== require.main) {","            break;","        }","        local.assetsDict['/assets.example.js'] =","            local.assetsDict['/assets.example.js'] ||","            local.fs.readFileSync(__filename, 'utf8');","        // bug-workaround - long $npm_package_buildCustomOrg","        /* jslint-ignore-begin */","        local.assetsDict['/assets.npmtest_gzippo.rollup.js'] =","            local.assetsDict['/assets.npmtest_gzippo.rollup.js'] ||","            local.fs.readFileSync(","                local.npmtest_gzippo.__dirname + '/lib.npmtest_gzippo.js',","                'utf8'","            ).replace((/^#!/), '//');","        /* jslint-ignore-end */","        local.assetsDict['/favicon.ico'] = local.assetsDict['/favicon.ico'] || '';","        // if $npm_config_timeout_exit exists,","        // then exit this process after $npm_config_timeout_exit ms","        if (Number(process.env.npm_config_timeout_exit)) {","            setTimeout(process.exit, Number(process.env.npm_config_timeout_exit));","        }","        // start server","        if (local.global.utility2_serverHttp1) {","            break;","        }","        process.env.PORT = process.env.PORT || '8081';","        console.error('server starting on port ' + process.env.PORT);","        local.http.createServer(function (request, response) {","            request.urlParsed = local.url.parse(request.url);","            if (local.assetsDict[request.urlParsed.pathname] !== undefined) {","                response.end(local.assetsDict[request.urlParsed.pathname]);","                return;","            }","            response.statusCode = 404;","            response.end();","        }).listen(process.env.PORT);","        break;","    }","}());",""],"l":{"26":2,"28":2,"33":2,"35":2,"37":2,"38":2,"39":2,"44":1,"51":2,"55":2,"59":2,"61":2,"69":1,"70":2,"76":2,"79":2,"82":2,"83":2,"85":1,"89":2,"92":1,"93":1,"94":1,"96":1,"97":1,"100":1,"101":1,"103":1,"106":1,"108":2,"114":1,"116":1,"118":1,"123":1,"124":2,"125":2,"126":3,"127":3,"128":3,"129":3,"130":1,"133":3,"134":3,"139":3,"143":1,"144":3,"145":1,"149":1,"150":1,"158":1,"160":1,"161":1,"162":1,"164":1,"166":1,"258":1,"259":1,"271":1,"274":6,"275":6,"277":1,"279":2,"281":1,"283":2,"288":1,"289":1,"291":1,"296":1,"303":1,"306":1,"307":1,"310":1,"311":1,"313":1,"314":1,"315":1,"316":1,"317":1,"318":1,"319":1,"321":1,"322":1,"324":1}},"/home/travis/build/npmtest/node-npmtest-gzippo/node_modules/gzippo/index.js":{"path":"/home/travis/build/npmtest/node-npmtest-gzippo/node_modules/gzippo/index.js","s":{"1":1,"2":1,"3":1},"b":{},"f":{},"fnMap":{},"statementMap":{"1":{"start":{"line":1,"column":0},"end":{"line":1,"column":52}},"2":{"start":{"line":2,"column":0},"end":{"line":2,"column":48}},"3":{"start":{"line":3,"column":0},"end":{"line":3,"column":42}}},"branchMap":{},"code":["exports.staticGzip = require('./lib/staticGzip.js');","exports.compress = require('./lib/compress.js');","exports.Store = require('./lib/store.js');"],"l":{"1":1,"2":1,"3":1}},"/home/travis/build/npmtest/node-npmtest-gzippo/node_modules/gzippo/lib/staticGzip.js":{"path":"/home/travis/build/npmtest/node-npmtest-gzippo/node_modules/gzippo/lib/staticGzip.js","s":{"1":1,"2":1,"3":0,"4":0,"5":0,"6":1,"7":1,"8":0,"9":0,"10":1,"11":0,"12":0,"13":0,"14":0,"15":1,"16":0,"17":0,"18":0,"19":0,"20":0,"21":0,"22":0,"23":0,"24":0,"25":1,"26":0,"27":1,"28":0,"29":0,"30":0,"31":0,"32":0,"33":0,"34":0,"35":0,"36":0,"37":1,"38":0,"39":0,"40":0,"41":0,"42":0,"43":0,"44":0,"45":0,"46":0,"47":0,"48":0,"49":0,"50":0,"51":0,"52":0,"53":0,"54":0,"55":0,"56":0,"57":0,"58":0,"59":0,"60":0,"61":0,"62":0,"63":0,"64":0,"65":0,"66":0,"67":0,"68":0,"69":0,"70":0,"71":0,"72":0,"73":0,"74":0,"75":0,"76":0,"77":0,"78":0,"79":0,"80":0,"81":0,"82":0,"83":0,"84":0,"85":0,"86":0,"87":0,"88":0,"89":0,"90":0,"91":0,"92":0,"93":0,"94":0,"95":0,"96":0,"97":0},"b":{"1":[0,0],"2":[0,0],"3":[0,0],"4":[0,0],"5":[0,0],"6":[0,0],"7":[0,0],"8":[0,0],"9":[0,0],"10":[0,0],"11":[0,0],"12":[0,0],"13":[0,0],"14":[0,0],"15":[0,0],"16":[0,0],"17":[0,0],"18":[0,0],"19":[0,0],"20":[0,0],"21":[0,0],"22":[0,0],"23":[0,0],"24":[0,0],"25":[0,0],"26":[0,0],"27":[0,0],"28":[0,0],"29":[0,0],"30":[0,0],"31":[0,0],"32":[0,0],"33":[0,0],"34":[0,0],"35":[0,0],"36":[0,0,0]},"f":{"1":0,"2":0,"3":0,"4":0,"5":0,"6":0,"7":0,"8":0,"9":0,"10":0,"11":0,"12":0,"13":0},"fnMap":{"1":{"name":"(anonymous_1)","line":37,"loc":{"start":{"line":37,"column":27},"end":{"line":37,"column":40}}},"2":{"name":"(anonymous_2)","line":38,"loc":{"start":{"line":38,"column":38},"end":{"line":38,"column":53}}},"3":{"name":"(anonymous_3)","line":58,"loc":{"start":{"line":58,"column":17},"end":{"line":58,"column":35}}},"4":{"name":"(anonymous_4)","line":71,"loc":{"start":{"line":71,"column":15},"end":{"line":71,"column":28}}},"5":{"name":"staticGzip","line":108,"loc":{"start":{"line":108,"column":27},"end":{"line":108,"column":64}}},"6":{"name":"(anonymous_6)","line":124,"loc":{"start":{"line":124,"column":11},"end":{"line":124,"column":36}}},"7":{"name":"pass","line":132,"loc":{"start":{"line":132,"column":8},"end":{"line":132,"column":28}}},"8":{"name":"setHeaders","line":140,"loc":{"start":{"line":140,"column":8},"end":{"line":140,"column":41}}},"9":{"name":"forbidden","line":166,"loc":{"start":{"line":166,"column":8},"end":{"line":166,"column":32}}},"10":{"name":"(anonymous_10)","line":214,"loc":{"start":{"line":214,"column":26},"end":{"line":214,"column":46}}},"11":{"name":"(anonymous_11)","line":237,"loc":{"start":{"line":237,"column":30},"end":{"line":237,"column":49}}},"12":{"name":"(anonymous_12)","line":251,"loc":{"start":{"line":251,"column":35},"end":{"line":251,"column":48}}},"13":{"name":"(anonymous_13)","line":261,"loc":{"start":{"line":261,"column":43},"end":{"line":261,"column":64}}}},"statementMap":{"1":{"start":{"line":19,"column":0},"end":{"line":28,"column":5}},"2":{"start":{"line":37,"column":0},"end":{"line":43,"column":2}},"3":{"start":{"line":38,"column":4},"end":{"line":42,"column":7}},"4":{"start":{"line":39,"column":8},"end":{"line":41,"column":9}},"5":{"start":{"line":40,"column":12},"end":{"line":40,"column":36}},"6":{"start":{"line":49,"column":0},"end":{"line":52,"column":2}},"7":{"start":{"line":58,"column":0},"end":{"line":61,"column":2}},"8":{"start":{"line":59,"column":2},"end":{"line":59,"column":49}},"9":{"start":{"line":60,"column":2},"end":{"line":60,"column":44}},"10":{"start":{"line":71,"column":0},"end":{"line":78,"column":2}},"11":{"start":{"line":72,"column":2},"end":{"line":72,"column":30}},"12":{"start":{"line":73,"column":2},"end":{"line":77,"column":3}},"13":{"start":{"line":74,"column":4},"end":{"line":74,"column":18}},"14":{"start":{"line":76,"column":4},"end":{"line":76,"column":43}},"15":{"start":{"line":108,"column":0},"end":{"line":289,"column":2}},"16":{"start":{"line":109,"column":4},"end":{"line":109,"column":28}},"17":{"start":{"line":111,"column":4},"end":{"line":117,"column":51}},"18":{"start":{"line":119,"column":4},"end":{"line":119,"column":95}},"19":{"start":{"line":119,"column":18},"end":{"line":119,"column":95}},"20":{"start":{"line":120,"column":4},"end":{"line":120,"column":99}},"21":{"start":{"line":120,"column":32},"end":{"line":120,"column":99}},"22":{"start":{"line":122,"column":4},"end":{"line":122,"column":38}},"23":{"start":{"line":124,"column":4},"end":{"line":288,"column":6}},"24":{"start":{"line":125,"column":8},"end":{"line":130,"column":19}},"25":{"start":{"line":132,"column":8},"end":{"line":138,"column":9}},"26":{"start":{"line":133,"column":12},"end":{"line":137,"column":17}},"27":{"start":{"line":140,"column":8},"end":{"line":153,"column":9}},"28":{"start":{"line":141,"column":12},"end":{"line":141,"column":55}},"29":{"start":{"line":142,"column":12},"end":{"line":142,"column":54}},"30":{"start":{"line":143,"column":12},"end":{"line":143,"column":53}},"31":{"start":{"line":145,"column":12},"end":{"line":149,"column":13}},"32":{"start":{"line":147,"column":16},"end":{"line":147,"column":92}},"33":{"start":{"line":148,"column":16},"end":{"line":148,"column":74}},"34":{"start":{"line":150,"column":12},"end":{"line":150,"column":60}},"35":{"start":{"line":151,"column":12},"end":{"line":151,"column":88}},"36":{"start":{"line":152,"column":12},"end":{"line":152,"column":87}},"37":{"start":{"line":166,"column":8},"end":{"line":172,"column":9}},"38":{"start":{"line":167,"column":10},"end":{"line":167,"column":33}},"39":{"start":{"line":168,"column":10},"end":{"line":168,"column":54}},"40":{"start":{"line":169,"column":10},"end":{"line":169,"column":55}},"41":{"start":{"line":170,"column":10},"end":{"line":170,"column":31}},"42":{"start":{"line":171,"column":10},"end":{"line":171,"column":24}},"43":{"start":{"line":174,"column":8},"end":{"line":176,"column":9}},"44":{"start":{"line":175,"column":12},"end":{"line":175,"column":26}},"45":{"start":{"line":178,"column":8},"end":{"line":178,"column":48}},"46":{"start":{"line":181,"column":8},"end":{"line":183,"column":9}},"47":{"start":{"line":182,"column":12},"end":{"line":182,"column":26}},"48":{"start":{"line":185,"column":8},"end":{"line":185,"column":84}},"49":{"start":{"line":187,"column":8},"end":{"line":189,"column":9}},"50":{"start":{"line":188,"column":10},"end":{"line":188,"column":32}},"51":{"start":{"line":192,"column":8},"end":{"line":192,"column":66}},"52":{"start":{"line":192,"column":41},"end":{"line":192,"column":66}},"53":{"start":{"line":195,"column":8},"end":{"line":195,"column":44}},"54":{"start":{"line":196,"column":8},"end":{"line":196,"column":61}},"55":{"start":{"line":197,"column":8},"end":{"line":197,"column":76}},"56":{"start":{"line":200,"column":8},"end":{"line":200,"column":58}},"57":{"start":{"line":200,"column":42},"end":{"line":200,"column":58}},"58":{"start":{"line":203,"column":8},"end":{"line":210,"column":9}},"59":{"start":{"line":204,"column":12},"end":{"line":209,"column":13}},"60":{"start":{"line":205,"column":14},"end":{"line":208,"column":15}},"61":{"start":{"line":206,"column":16},"end":{"line":206,"column":34}},"62":{"start":{"line":207,"column":16},"end":{"line":207,"column":22}},"63":{"start":{"line":212,"column":8},"end":{"line":212,"column":43}},"64":{"start":{"line":212,"column":21},"end":{"line":212,"column":43}},"65":{"start":{"line":214,"column":8},"end":{"line":287,"column":11}},"66":{"start":{"line":216,"column":12},"end":{"line":218,"column":13}},"67":{"start":{"line":217,"column":16},"end":{"line":217,"column":30}},"68":{"start":{"line":220,"column":12},"end":{"line":222,"column":13}},"69":{"start":{"line":221,"column":16},"end":{"line":221,"column":30}},"70":{"start":{"line":224,"column":12},"end":{"line":226,"column":13}},"71":{"start":{"line":225,"column":16},"end":{"line":225,"column":38}},"72":{"start":{"line":233,"column":12},"end":{"line":235,"column":56}},"73":{"start":{"line":237,"column":12},"end":{"line":259,"column":14}},"74":{"start":{"line":238,"column":16},"end":{"line":238,"column":59}},"75":{"start":{"line":240,"column":16},"end":{"line":240,"column":61}},"76":{"start":{"line":242,"column":16},"end":{"line":245,"column":19}},"77":{"start":{"line":247,"column":16},"end":{"line":247,"column":77}},"78":{"start":{"line":249,"column":16},"end":{"line":249,"column":75}},"79":{"start":{"line":251,"column":16},"end":{"line":258,"column":19}},"80":{"start":{"line":252,"column":20},"end":{"line":257,"column":21}},"81":{"start":{"line":253,"column":24},"end":{"line":253,"column":49}},"82":{"start":{"line":254,"column":24},"end":{"line":254,"column":38}},"83":{"start":{"line":256,"column":24},"end":{"line":256,"column":34}},"84":{"start":{"line":261,"column":12},"end":{"line":286,"column":15}},"85":{"start":{"line":262,"column":16},"end":{"line":262,"column":40}},"86":{"start":{"line":263,"column":16},"end":{"line":285,"column":17}},"87":{"start":{"line":266,"column":23},"end":{"line":285,"column":17}},"88":{"start":{"line":267,"column":20},"end":{"line":267,"column":53}},"89":{"start":{"line":268,"column":23},"end":{"line":285,"column":17}},"90":{"start":{"line":269,"column":20},"end":{"line":269,"column":53}},"91":{"start":{"line":271,"column":21},"end":{"line":285,"column":17}},"92":{"start":{"line":274,"column":20},"end":{"line":274,"column":46}},"93":{"start":{"line":275,"column":20},"end":{"line":275,"column":41}},"94":{"start":{"line":276,"column":20},"end":{"line":276,"column":37}},"95":{"start":{"line":281,"column":20},"end":{"line":283,"column":21}},"96":{"start":{"line":282,"column":24},"end":{"line":282,"column":62}},"97":{"start":{"line":284,"column":20},"end":{"line":284,"column":30}}},"branchMap":{"1":{"line":39,"type":"if","locations":[{"start":{"line":39,"column":8},"end":{"line":39,"column":8}},{"start":{"line":39,"column":8},"end":{"line":39,"column":8}}]},"2":{"line":59,"type":"binary-expr","locations":[{"start":{"line":59,"column":13},"end":{"line":59,"column":42}},{"start":{"line":59,"column":46},"end":{"line":59,"column":48}}]},"3":{"line":73,"type":"if","locations":[{"start":{"line":73,"column":2},"end":{"line":73,"column":2}},{"start":{"line":73,"column":2},"end":{"line":73,"column":2}}]},"4":{"line":73,"type":"binary-expr","locations":[{"start":{"line":73,"column":6},"end":{"line":73,"column":12}},{"start":{"line":73,"column":16},"end":{"line":73,"column":38}}]},"5":{"line":109,"type":"binary-expr","locations":[{"start":{"line":109,"column":14},"end":{"line":109,"column":21}},{"start":{"line":109,"column":25},"end":{"line":109,"column":27}}]},"6":{"line":111,"type":"binary-expr","locations":[{"start":{"line":111,"column":17},"end":{"line":111,"column":31}},{"start":{"line":111,"column":35},"end":{"line":111,"column":43}}]},"7":{"line":112,"type":"binary-expr","locations":[{"start":{"line":112,"column":27},"end":{"line":112,"column":51}},{"start":{"line":112,"column":55},"end":{"line":112,"column":77}}]},"8":{"line":113,"type":"binary-expr","locations":[{"start":{"line":113,"column":23},"end":{"line":113,"column":43}},{"start":{"line":113,"column":47},"end":{"line":113,"column":56}}]},"9":{"line":114,"type":"binary-expr","locations":[{"start":{"line":114,"column":17},"end":{"line":114,"column":31}},{"start":{"line":114,"column":35},"end":{"line":114,"column":37}}]},"10":{"line":116,"type":"binary-expr","locations":[{"start":{"line":116,"column":29},"end":{"line":116,"column":48}},{"start":{"line":116,"column":52},"end":{"line":116,"column":54}}]},"11":{"line":117,"type":"binary-expr","locations":[{"start":{"line":117,"column":16},"end":{"line":117,"column":29}},{"start":{"line":117,"column":33},"end":{"line":117,"column":50}}]},"12":{"line":119,"type":"if","locations":[{"start":{"line":119,"column":4},"end":{"line":119,"column":4}},{"start":{"line":119,"column":4},"end":{"line":119,"column":4}}]},"13":{"line":120,"type":"if","locations":[{"start":{"line":120,"column":4},"end":{"line":120,"column":4}},{"start":{"line":120,"column":4},"end":{"line":120,"column":4}}]},"14":{"line":125,"type":"binary-expr","locations":[{"start":{"line":125,"column":29},"end":{"line":125,"column":59}},{"start":{"line":125,"column":63},"end":{"line":125,"column":65}}]},"15":{"line":134,"type":"binary-expr","locations":[{"start":{"line":134,"column":24},"end":{"line":134,"column":36}},{"start":{"line":134,"column":40},"end":{"line":134,"column":41}}]},"16":{"line":145,"type":"if","locations":[{"start":{"line":145,"column":12},"end":{"line":145,"column":12}},{"start":{"line":145,"column":12},"end":{"line":145,"column":12}}]},"17":{"line":174,"type":"if","locations":[{"start":{"line":174,"column":8},"end":{"line":174,"column":8}},{"start":{"line":174,"column":8},"end":{"line":174,"column":8}}]},"18":{"line":174,"type":"binary-expr","locations":[{"start":{"line":174,"column":12},"end":{"line":174,"column":32}},{"start":{"line":174,"column":36},"end":{"line":174,"column":57}}]},"19":{"line":181,"type":"if","locations":[{"start":{"line":181,"column":8},"end":{"line":181,"column":8}},{"start":{"line":181,"column":8},"end":{"line":181,"column":8}}]},"20":{"line":187,"type":"if","locations":[{"start":{"line":187,"column":8},"end":{"line":187,"column":8}},{"start":{"line":187,"column":8},"end":{"line":187,"column":8}}]},"21":{"line":192,"type":"if","locations":[{"start":{"line":192,"column":8},"end":{"line":192,"column":8}},{"start":{"line":192,"column":8},"end":{"line":192,"column":8}}]},"22":{"line":197,"type":"cond-expr","locations":[{"start":{"line":197,"column":47},"end":{"line":197,"column":69}},{"start":{"line":197,"column":72},"end":{"line":197,"column":74}}]},"23":{"line":200,"type":"if","locations":[{"start":{"line":200,"column":8},"end":{"line":200,"column":8}},{"start":{"line":200,"column":8},"end":{"line":200,"column":8}}]},"24":{"line":203,"type":"if","locations":[{"start":{"line":203,"column":8},"end":{"line":203,"column":8}},{"start":{"line":203,"column":8},"end":{"line":203,"column":8}}]},"25":{"line":205,"type":"if","locations":[{"start":{"line":205,"column":14},"end":{"line":205,"column":14}},{"start":{"line":205,"column":14},"end":{"line":205,"column":14}}]},"26":{"line":212,"type":"if","locations":[{"start":{"line":212,"column":8},"end":{"line":212,"column":8}},{"start":{"line":212,"column":8},"end":{"line":212,"column":8}}]},"27":{"line":216,"type":"if","locations":[{"start":{"line":216,"column":12},"end":{"line":216,"column":12}},{"start":{"line":216,"column":12},"end":{"line":216,"column":12}}]},"28":{"line":220,"type":"if","locations":[{"start":{"line":220,"column":12},"end":{"line":220,"column":12}},{"start":{"line":220,"column":12},"end":{"line":220,"column":12}}]},"29":{"line":224,"type":"if","locations":[{"start":{"line":224,"column":12},"end":{"line":224,"column":12}},{"start":{"line":224,"column":12},"end":{"line":224,"column":12}}]},"30":{"line":252,"type":"if","locations":[{"start":{"line":252,"column":20},"end":{"line":252,"column":20}},{"start":{"line":252,"column":20},"end":{"line":252,"column":20}}]},"31":{"line":263,"type":"if","locations":[{"start":{"line":263,"column":16},"end":{"line":263,"column":16}},{"start":{"line":263,"column":16},"end":{"line":263,"column":16}}]},"32":{"line":266,"type":"if","locations":[{"start":{"line":266,"column":23},"end":{"line":266,"column":23}},{"start":{"line":266,"column":23},"end":{"line":266,"column":23}}]},"33":{"line":268,"type":"if","locations":[{"start":{"line":268,"column":23},"end":{"line":268,"column":23}},{"start":{"line":268,"column":23},"end":{"line":268,"column":23}}]},"34":{"line":268,"type":"binary-expr","locations":[{"start":{"line":268,"column":28},"end":{"line":268,"column":52}},{"start":{"line":268,"column":57},"end":{"line":268,"column":72}}]},"35":{"line":271,"type":"if","locations":[{"start":{"line":271,"column":21},"end":{"line":271,"column":21}},{"start":{"line":271,"column":21},"end":{"line":271,"column":21}}]},"36":{"line":271,"type":"binary-expr","locations":[{"start":{"line":271,"column":25},"end":{"line":271,"column":57}},{"start":{"line":271,"column":61},"end":{"line":271,"column":66}},{"start":{"line":273,"column":16},"end":{"line":273,"column":83}}]}},"code":["/*!"," * Tom Gallacher"," *"," * MIT Licensed"," */","","/**"," * Module dependencies."," */","","// Commented out as I think that connect is avalible from within express...","// try {","    // var staticMiddleware = require('connect').static;","","// } catch (e) {","//  staticMiddleware = require('express').static;","// }","","var fs = require('fs'),","    parse = require('url').parse,","    path = require('path'),","    zlib = require('zlib'),","    MemoryStore = require('./memory'),","    StoreStream = require('./storeStream'),","    FileAsset = require('./fileAsset'),","    send = require('send'),","    mime = send.mime","    ;","","/**"," * Strip `Content-*` headers from `res`."," *"," * @param {ServerResponse} res"," * @api public"," */","","var removeContentHeaders = function(res){","    Object.keys(res._headers).forEach(function(field){","        if (0 === field.indexOf('content')) {","            res.removeHeader(field);","        }","    });","};","","/**"," * Supported content-encoding methods."," */","","var methods = {","    gzip: zlib.createGzip,","    deflate: zlib.createDeflate","};","","/**"," * Default filter function."," */","","exports.filter = function(req, res){","  var type = res.getHeader('Content-Type') || '';","  return type.match(/json|text|javascript/);","};","","/**"," * Parse the `req` url with memoization."," *"," * @param {ServerRequest} req"," * @return {Object}"," * @api private"," */","","var parseUrl = function(req){","  var parsed = req._parsedUrl;","  if (parsed && parsed.href == req.url) {","    return parsed;","  } else {","    return req._parsedUrl = parse(req.url);","  }","};","","/**"," * By default gzip's static's that match the given regular expression /text|javascript|json/"," * and then serves them with Connects static provider, denoted by the given `dirPath`."," *"," * Options:"," *"," *  -   `maxAge` how long gzippo should cache gziped assets, defaulting to 1 day"," *  -   `clientMaxAge`  client cache-control max-age directive, defaulting to 0; 604800000 is one week."," *  -   `contentTypeMatch` - A regular expression tested against the Content-Type header to determine whether the response"," *      should be gzipped or not. The default value is `/text|javascript|json/`."," *  -   `prefix` - A url prefix. If you want all your static content in a root path such as /resource/. Any url paths not matching will be ignored"," *"," * Examples:"," *"," *     connect.createServer("," *       connect.staticGzip(__dirname + '/public/');"," *     );"," *"," *     connect.createServer("," *       connect.staticGzip(__dirname + '/public/', {maxAge: 86400000});"," *     );"," *"," * @param {String} path"," * @param {Object} options"," * @return {Function}"," * @api public"," */","","exports = module.exports = function staticGzip(dirPath, options){","    options = options || {};","","    var maxAge = options.maxAge || 86400000,","        contentTypeMatch = options.contentTypeMatch || /text|javascript|json/,","        clientMaxAge = options.clientMaxAge || 604800000,","        prefix = options.prefix || '',","        names = Object.keys(methods),","        compressionOptions = options.compression || {},","        store = options.store || new MemoryStore();","","    if (!dirPath) throw new Error('You need to provide the directory to your static content.');","    if (!contentTypeMatch.test) throw new Error('contentTypeMatch: must be a regular expression.');","","    dirPath = path.normalize(dirPath);","","    return function(req, res, next) {","        var acceptEncoding = req.headers['accept-encoding'] || '',","            url,","            filename,","            contentType,","            charset,","            method;","","        function pass(name) {","            send(req, url.substring(prefix.length))","                .maxage(clientMaxAge || 0)","                .root(dirPath)","                .pipe(res)","                ;","        }","","        function setHeaders(stat, asset) {","            res.setHeader('Content-Type', contentType);","            res.setHeader('Content-Encoding', method);","            res.setHeader('Vary', 'Accept-Encoding');","            // if cache version is avalible then add this.","            if (asset) {","                // res.setHeader('Content-Length', asset.length);","                res.setHeader('ETag', '\"' + asset.length + '-' + Number(asset.mtime) + '\"');","                res.setHeader('Last-Modified', asset.mtime.toUTCString());","            }","            res.setHeader('Date', new Date().toUTCString());","            res.setHeader('Expires', new Date(Date.now() + clientMaxAge).toUTCString());","            res.setHeader('Cache-Control', 'public, max-age=' + (clientMaxAge / 1000));","        }","","        // function gzipAndSend(filename, gzipName, mtime) {","        //     gzippo(filename, charset, function(gzippedData) {","        //         gzippoCache[gzipName] = {","        //             'ctime': Date.now(),","        //             'mtime': mtime,","        //             'content': gzippedData","        //         };","        //         sendGzipped(gzippoCache[gzipName]);","        //     });","        // }","","        function forbidden(res) {","          var body = 'Forbidden';","          res.setHeader('Content-Type', 'text/plain');","          res.setHeader('Content-Length', body.length);","          res.statusCode = 403;","          res.end(body);","        }","","        if (req.method !== 'GET' && req.method !== 'HEAD') {","            return next();","        }","","        url = decodeURI(parseUrl(req).pathname);","","        // Allow a url path prefix","        if (url.substring(0, prefix.length) !== prefix) {","            return next();","        }","","        filename = path.normalize(path.join(dirPath, url.substring(prefix.length)));","        // malicious path","        if (0 != filename.indexOf(dirPath)){","          return forbidden(res);","        }","","        // directory index file support","        if (filename.substr(-1) === '/') filename += 'index.html';","","","        contentType = mime.lookup(filename);","        charset = mime.charsets.lookup(contentType, 'UTF-8');","        contentType = contentType + (charset ? '; charset=' + charset : '');","","        // default to gzip","        if ('*' == acceptEncoding.trim()) method = 'gzip';","","        // compression method","        if (!method) {","            for (var i = 0, len = names.length; i < len; ++i) {","              if (~acceptEncoding.indexOf(names[i])) {","                method = names[i];","                break;","              }","            }","        }","","        if (!method) return pass(filename);","","        fs.stat(filename, function(err, stat) {","","            if (err) {","                return next();","            }","","            if (stat.isDirectory()) {","                return next();","            }","","            if (!contentTypeMatch.test(contentType)) {","                return pass(filename);","            }","","            // superceeded by if (!method) return;","            // if (!~acceptEncoding.indexOf('gzip')) {","            //     return pass(filename);","            // }","","            var base = path.basename(filename),","                dir = path.dirname(filename),","                gzipName = path.join(dir, base + '.gz');","","            var sendGzipped = function(filename) {","                var stream = fs.createReadStream(filename);","","                req.on('close', stream.destroy.bind(stream));","","                var storeStream = new StoreStream(store, filename, {","                    mtime: stat.mtime,","                    maxAge: options.maxAge","                });","","                var compressionStream = methods[method](options.compression);","","                stream.pipe(compressionStream).pipe(storeStream).pipe(res);","","                stream.on('error', function(err){","                    if (res.headerSent) {","                        console.error(err.stack);","                        req.destroy();","                    } else {","                        next(err);","                    }","                });","            };","","            store.get(decodeURI(filename), function(err, asset) {","                setHeaders(stat, asset);","                if (err) {","                    // handle error","","                } else if (!asset) {","                    sendGzipped(decodeURI(filename));","                } else if ((asset.mtime < stat.mtime) || asset.isExpired) {","                    sendGzipped(decodeURI(filename));","                }","                else if (req.headers['if-modified-since'] && asset &&","                // Optimisation: new Date().getTime is 90% faster that Date.parse()","                +stat.mtime <= new Date(req.headers['if-modified-since']).getTime()) {","                    removeContentHeaders(res);","                    res.statusCode = 304;","                    return res.end();","                }","                else {","                    // StoreReadStream to pipe to res.","                    // console.log(\"hit: \" + filename + \"              length: \" + asset.length);","                    for (var i = 0; i < asset.content.length; i++) {","                        res.write(asset.content[i], 'binary');","                    }","                    res.end();","                }","            });","        });","    };","};",""],"l":{"19":1,"37":1,"38":0,"39":0,"40":0,"49":1,"58":1,"59":0,"60":0,"71":1,"72":0,"73":0,"74":0,"76":0,"108":1,"109":0,"111":0,"119":0,"120":0,"122":0,"124":0,"125":0,"132":1,"133":0,"140":1,"141":0,"142":0,"143":0,"145":0,"147":0,"148":0,"150":0,"151":0,"152":0,"166":1,"167":0,"168":0,"169":0,"170":0,"171":0,"174":0,"175":0,"178":0,"181":0,"182":0,"185":0,"187":0,"188":0,"192":0,"195":0,"196":0,"197":0,"200":0,"203":0,"204":0,"205":0,"206":0,"207":0,"212":0,"214":0,"216":0,"217":0,"220":0,"221":0,"224":0,"225":0,"233":0,"237":0,"238":0,"240":0,"242":0,"247":0,"249":0,"251":0,"252":0,"253":0,"254":0,"256":0,"261":0,"262":0,"263":0,"266":0,"267":0,"268":0,"269":0,"271":0,"274":0,"275":0,"276":0,"281":0,"282":0,"284":0}},"/home/travis/build/npmtest/node-npmtest-gzippo/node_modules/gzippo/lib/memory.js":{"path":"/home/travis/build/npmtest/node-npmtest-gzippo/node_modules/gzippo/lib/memory.js","s":{"1":1,"2":1,"3":0,"4":0,"5":1,"6":1,"7":0,"8":0,"9":0,"10":0,"11":0,"12":0,"13":1,"14":0,"15":0,"16":0,"17":0,"18":0,"19":1,"20":0,"21":0,"22":0,"23":1,"24":0,"25":0,"26":0,"27":0,"28":1,"29":0},"b":{"1":[0,0],"2":[0,0],"3":[0,0],"4":[0,0]},"f":{"1":0,"2":0,"3":0,"4":0,"5":0,"6":0,"7":0,"8":0,"9":0},"fnMap":{"1":{"name":"MemoryStore","line":17,"loc":{"start":{"line":17,"column":35},"end":{"line":17,"column":58}}},"2":{"name":"(anonymous_2)","line":32,"loc":{"start":{"line":32,"column":28},"end":{"line":32,"column":51}}},"3":{"name":"(anonymous_3)","line":34,"loc":{"start":{"line":34,"column":19},"end":{"line":34,"column":29}}},"4":{"name":"(anonymous_4)","line":59,"loc":{"start":{"line":59,"column":28},"end":{"line":59,"column":48}}},"5":{"name":"(anonymous_5)","line":61,"loc":{"start":{"line":61,"column":19},"end":{"line":61,"column":30}}},"6":{"name":"(anonymous_6)","line":74,"loc":{"start":{"line":74,"column":30},"end":{"line":74,"column":42}}},"7":{"name":"(anonymous_7)","line":87,"loc":{"start":{"line":87,"column":34},"end":{"line":87,"column":53}}},"8":{"name":"(anonymous_8)","line":88,"loc":{"start":{"line":88,"column":19},"end":{"line":88,"column":30}}},"9":{"name":"(anonymous_9)","line":101,"loc":{"start":{"line":101,"column":31},"end":{"line":101,"column":43}}}},"statementMap":{"1":{"start":{"line":8,"column":0},"end":{"line":9,"column":27}},"2":{"start":{"line":17,"column":0},"end":{"line":20,"column":2}},"3":{"start":{"line":18,"column":2},"end":{"line":18,"column":19}},"4":{"start":{"line":19,"column":2},"end":{"line":19,"column":19}},"5":{"start":{"line":22,"column":0},"end":{"line":22,"column":34}},"6":{"start":{"line":32,"column":0},"end":{"line":50,"column":2}},"7":{"start":{"line":33,"column":2},"end":{"line":33,"column":18}},"8":{"start":{"line":34,"column":2},"end":{"line":49,"column":5}},"9":{"start":{"line":35,"column":4},"end":{"line":36,"column":38}},"10":{"start":{"line":37,"column":4},"end":{"line":48,"column":5}},"11":{"start":{"line":42,"column":8},"end":{"line":42,"column":24}},"12":{"start":{"line":47,"column":6},"end":{"line":47,"column":11}},"13":{"start":{"line":59,"column":0},"end":{"line":65,"column":2}},"14":{"start":{"line":60,"column":2},"end":{"line":60,"column":18}},"15":{"start":{"line":61,"column":2},"end":{"line":64,"column":5}},"16":{"start":{"line":62,"column":4},"end":{"line":62,"column":41}},"17":{"start":{"line":63,"column":4},"end":{"line":63,"column":36}},"18":{"start":{"line":63,"column":31},"end":{"line":63,"column":36}},"19":{"start":{"line":74,"column":0},"end":{"line":77,"column":2}},"20":{"start":{"line":75,"column":2},"end":{"line":75,"column":19}},"21":{"start":{"line":76,"column":2},"end":{"line":76,"column":34}},"22":{"start":{"line":76,"column":29},"end":{"line":76,"column":34}},"23":{"start":{"line":87,"column":0},"end":{"line":92,"column":2}},"24":{"start":{"line":88,
[...]
":[{"start":{"line":50,"column":2},"end":{"line":50,"column":2}},{"start":{"line":50,"column":2},"end":{"line":50,"column":2}}]},"10":{"line":68,"type":"if","locations":[{"start":{"line":68,"column":4},"end":{"line":68,"column":4}},{"start":{"line":68,"column":4},"end":{"line":68,"column":4}}]},"11":{"line":76,"type":"if","locations":[{"start":{"line":76,"column":2},"end":{"line":76,"column":2}},{"start":{"line":76,"column":2},"end":{"line":76,"column":2}}]},"12":{"line":76,"type":"binary-expr","locations":[{"start":{"line":76,"column":6},"end":{"line":76,"column":22}},{"start":{"line":76,"column":26},"end":{"line":76,"column":38}}]},"13":{"line":78,"type":"if","locations":[{"start":{"line":78,"column":2},"end":{"line":78,"column":2}},{"start":{"line":78,"column":2},"end":{"line":78,"column":2}}]},"14":{"line":79,"type":"if","locations":[{"start":{"line":79,"column":4},"end":{"line":79,"column":4}},{"start":{"line":79,"column":4},"end":{"line":79,"column":4}}]},"15":{"line":91,"type":"if","locations":[{"start":{"line":91,"column":2},"end":{"line":91,"column":2}},{"start":{"line":91,"column":2},"end":{"line":91,"column":2}}]},"16":{"line":91,"type":"binary-expr","locations":[{"start":{"line":91,"column":6},"end":{"line":91,"column":18}},{"start":{"line":91,"column":22},"end":{"line":91,"column":46}}]},"17":{"line":95,"type":"if","locations":[{"start":{"line":95,"column":2},"end":{"line":95,"column":2}},{"start":{"line":95,"column":2},"end":{"line":95,"column":2}}]},"18":{"line":102,"type":"if","locations":[{"start":{"line":102,"column":2},"end":{"line":102,"column":2}},{"start":{"line":102,"column":2},"end":{"line":102,"column":2}}]}},"code":["var util = require('util'),","    stream = require('stream'),","    FileAsset = require('./fileAsset');","","/*"," * gzippo - StoreStream"," * Copyright(c) 2012 Tom Gallacher"," * MIT Licensed"," */","","var StoreStream = module.exports = function StoreStream(store, fileName, options) {","  if (!(this instanceof StoreStream)) return new StoreStream(store, options);","  options = options || {};","","  this._queue = [];","  this._processing = false;","  this._ended = false;","  this.readable = true;","  this.writable = true;","","  this._asset = new FileAsset(fileName, options);","  this._store = store;","};","","util.inherits(StoreStream, stream.Stream);","","StoreStream.prototype.write = function write(chunk, cb) {","  if (this._ended) {","    return this.emit('error', new Error('Cannot write after end'));","  }","","  if (arguments.length === 1 && typeof chunk === 'function') {","    cb = chunk;","    chunk = null;","  }","","  if (!chunk) {","    chunk = null;","  } else if (typeof chunk === 'string') {","    chunk = new Buffer(chunk);","  } else if (!Buffer.isBuffer(chunk)) {","    return this.emit('error', new Error('Invalid argument'));","  }","","","  var empty = this._queue.length === 0;","","  this._queue.push([chunk, cb]);","  this._process();","  if (!empty) {","    this._needDrain = true;","  }","  return empty;","};","","StoreStream.prototype.flush = function flush(cb) {","  return this.write(cb);","};","","StoreStream.prototype.end = function end(chunk, cb) {","  var self = this;","  this._ending = true;","  var ret = this.write(chunk, function() {","    self.emit('end');","    process.nextTick(function() {","      self._store.set(self._asset);","    });","    if (cb) cb();","  });","  this._ended = true;","  return ret;","};","","StoreStream.prototype._process = function() {","  var self = this;","  if (this._processing || this._paused) return;","","  if (this._queue.length === 0) {","    if (this._needDrain) {","      this._needDrain = false;","      this.emit('drain');","    }","    // nothing to do, waiting for more data at this point.","    return;","  }","","  var req = this._queue.shift();","  var cb = req.pop();","  var chunk = req.pop();","","  if (this._ending && this._queue.length === 0) {","    this._flush = true;","  }","","  if (chunk !== null) {","    self.emit('data', chunk);","    this._asset.fileContents.push(chunk);","  }","","  // finished with the chunk.","  self._processing = false;","  if (cb) cb();","  self._process();","};","","StoreStream.prototype.destory = function() {","  this._paused = true;","  StoreStream.prototype.end.call(this);","};","","StoreStream.prototype.pause = function() {","  this._paused = true;","  this.emit('pause');","};","","StoreStream.prototype.resume = function() {","  this._paused = false;","  this._process();","};",""],"l":{"1":1,"11":1,"12":0,"13":0,"15":0,"16":0,"17":0,"18":0,"19":0,"21":0,"22":0,"25":1,"27":1,"28":0,"29":0,"32":0,"33":0,"34":0,"37":0,"38":0,"39":0,"40":0,"41":0,"42":0,"46":0,"48":0,"49":0,"50":0,"51":0,"53":0,"56":1,"57":0,"60":1,"61":0,"62":0,"63":0,"64":0,"65":0,"66":0,"68":0,"70":0,"71":0,"74":1,"75":0,"76":0,"78":0,"79":0,"80":0,"81":0,"84":0,"87":0,"88":0,"89":0,"91":0,"92":0,"95":0,"96":0,"97":0,"101":0,"102":0,"103":0,"106":1,"107":0,"108":0,"111":1,"112":0,"113":0,"116":1,"117":0,"118":0}},"/home/travis/build/npmtest/node-npmtest-gzippo/node_modules/gzippo/lib/fileAsset.js":{"path":"/home/travis/build/npmtest/node-npmtest-gzippo/node_modules/gzippo/lib/fileAsset.js","s":{"1":1,"2":0,"3":0,"4":0,"5":0,"6":0,"7":0,"8":0,"9":1,"10":0,"11":8,"12":8,"13":8,"14":8,"15":16,"16":8,"17":8},"b":{"1":[0,0],"2":[0,0],"3":[0,0]},"f":{"1":0,"2":0,"3":8,"4":8,"5":8,"6":8,"7":16,"8":8,"9":8},"fnMap":{"1":{"name":"FileAsset","line":1,"loc":{"start":{"line":1,"column":33},"end":{"line":1,"column":67}}},"2":{"name":"(anonymous_2)","line":17,"loc":{"start":{"line":17,"column":12},"end":{"line":17,"column":21}}},"3":{"name":"(anonymous_3)","line":21,"loc":{"start":{"line":21,"column":12},"end":{"line":21,"column":15}}},"4":{"name":"(anonymous_4)","line":25,"loc":{"start":{"line":25,"column":11},"end":{"line":25,"column":14}}},"5":{"name":"(anonymous_5)","line":29,"loc":{"start":{"line":29,"column":15},"end":{"line":29,"column":18}}},"6":{"name":"(anonymous_6)","line":33,"loc":{"start":{"line":33,"column":10},"end":{"line":33,"column":13}}},"7":{"name":"(anonymous_7)","line":37,"loc":{"start":{"line":37,"column":13},"end":{"line":37,"column":16}}},"8":{"name":"(anonymous_8)","line":49,"loc":{"start":{"line":49,"column":12},"end":{"line":49,"column":15}}},"9":{"name":"(anonymous_9)","line":53,"loc":{"start":{"line":53,"column":10},"end":{"line":53,"column":13}}}},"statementMap":{"1":{"start":{"line":1,"column":0},"end":{"line":10,"column":2}},"2":{"start":{"line":2,"column":2},"end":{"line":2,"column":26}},"3":{"start":{"line":3,"column":2},"end":{"line":3,"column":44}},"4":{"start":{"line":4,"column":2},"end":{"line":4,"column":44}},"5":{"start":{"line":6,"column":2},"end":{"line":6,"column":24}},"6":{"start":{"line":7,"column":2},"end":{"line":7,"column":28}},"7":{"start":{"line":8,"column":2},"end":{"line":8,"column":25}},"8":{"start":{"line":9,"column":2},"end":{"line":9,"column":30}},"9":{"start":{"line":16,"column":0},"end":{"line":61,"column":2}},"10":{"start":{"line":18,"column":4},"end":{"line":18,"column":26}},"11":{"start":{"line":22,"column":4},"end":{"line":22,"column":24}},"12":{"start":{"line":26,"column":4},"end":{"line":26,"column":23}},"13":{"start":{"line":30,"column":4},"end":{"line":30,"column":54}},"14":{"start":{"line":34,"column":4},"end":{"line":34,"column":26}},"15":{"start":{"line":46,"column":4},"end":{"line":46,"column":29}},"16":{"start":{"line":50,"column":4},"end":{"line":50,"column":35}},"17":{"start":{"line":54,"column":4},"end":{"line":59,"column":6}}},"branchMap":{"1":{"line":2,"type":"binary-expr","locations":[{"start":{"line":2,"column":12},"end":{"line":2,"column":19}},{"start":{"line":2,"column":23},"end":{"line":2,"column":25}}]},"2":{"line":3,"type":"binary-expr","locations":[{"start":{"line":3,"column":17},"end":{"line":3,"column":31}},{"start":{"line":3,"column":35},"end":{"line":3,"column":43}}]},"3":{"line":4,"type":"binary-expr","locations":[{"start":{"line":4,"column":16},"end":{"line":4,"column":29}},{"start":{"line":4,"column":33},"end":{"line":4,"column":43}}]}},"code":["var FileAsset = module.exports = function FileAsset(name, options) {","  options = options || {};","  this._maxAge = options.maxAge || 86400000;","  this._mtime = options.mtime || new Date();","","  this._fileName = name;","  this._ctime = +Date.now();","  this.fileContents = [];","  this.fileContentsLength = 0;","};","","/**"," * Prototype."," */","","FileAsset.prototype = {","  set maxAge(maxAge) {","    this._maxAge = maxAge;","  },","","  get maxAge() {","    return this._maxAge;","  },","","  get mtime() {","    return this._mtime;","  },","","  get isExpired() {","    return (this._ctime + this._maxAge) < +Date.now();","  },","","  get name() {","    return this._fileName;","  },","","  get content() {","    // var file = Buffer(this.fileContentsLength);","    // var pos = 0;","    // for (var i = 0; i < this.fileContents.length; i++) {","    //   // this.fileContents[i] = this.fileContents[i].toString();","    //   // buffer.copy(file, pos);","    //   // pos += buffer.length;","    // }","","    return this.fileContents;","  },","","  get length() {","    return this.fileContentsLength;","  },","","  get data() {","    return {","      expires: this._expires,","      mtime: this._mtime,","      content: this.content,","      length: this.fileContentsLength","    };","  }","};",""],"l":{"1":1,"2":0,"3":0,"4":0,"6":0,"7":0,"8":0,"9":0,"16":1,"18":0,"22":8,"26":8,"30":8,"34":8,"46":16,"50":8,"54":8}},"/home/travis/build/npmtest/node-npmtest-gzippo/node_modules/gzippo/lib/compress.js":{"path":"/home/travis/build/npmtest/node-npmtest-gzippo/node_modules/gzippo/lib/compress.js","s":{"1":1,"2":1,"3":1,"4":0,"5":0,"6":1,"7":0,"8":0,"9":0,"10":0,"11":0,"12":0,"13":0,"14":0,"15":0,"16":0,"17":0,"18":0,"19":0,"20":0,"21":0,"22":0,"23":0,"24":0,"25":0,"26":0,"27":0,"28":0,"29":0,"30":0,"31":0,"32":0,"33":0,"34":0,"35":0,"36":0,"37":0,"38":0,"39":0,"40":0,"41":0,"42":0},"b":{"1":[0,0],"2":[0,0],"3":[0,0],"4":[0,0],"5":[0,0],"6":[0,0],"7":[0,0],"8":[0,0],"9":[0,0],"10":[0,0],"11":[0,0],"12":[0,0],"13":[0,0],"14":[0,0]},"f":{"1":0,"2":0,"3":0,"4":0,"5":0,"6":0,"7":0,"8":0},"fnMap":{"1":{"name":"(anonymous_1)","line":28,"loc":{"start":{"line":28,"column":17},"end":{"line":28,"column":35}}},"2":{"name":"compress","line":62,"loc":{"start":{"line":62,"column":17},"end":{"line":62,"column":44}}},"3":{"name":"(anonymous_3)","line":67,"loc":{"start":{"line":67,"column":9},"end":{"line":67,"column":33}}},"4":{"name":"(anonymous_4)","line":79,"loc":{"start":{"line":79,"column":16},"end":{"line":79,"column":41}}},"5":{"name":"(anonymous_5)","line":86,"loc":{"start":{"line":86,"column":14},"end":{"line":86,"column":39}}},"6":{"name":"(anonymous_6)","line":93,"loc":{"start":{"line":93,"column":21},"end":{"line":93,"column":31}}},"7":{"name":"(anonymous_7)","line":128,"loc":{"start":{"line":128,"column":24},"end":{"line":128,"column":39}}},"8":{"name":"(anonymous_8)","line":132,"loc":{"start":{"line":132,"column":23},"end":{"line":132,"column":33}}}},"statementMap":{"1":{"start":{"line":13,"column":0},"end":{"line":13,"column":27}},"2":{"start":{"line":19,"column":0},"end":{"line":22,"column":2}},"3":{"start":{"line":28,"column":0},"end":{"line":31,"column":2}},"4":{"start":{"line":29,"column":2},"end":{"line":29,"column":49}},"5":{"start":{"line":30,"column":2},"end":{"line":30,"column":44}},"6":{"start":{"line":62,"column":0},"end":{"line":139,"column":1}},"7":{"start":{"line":63,"column":2},"end":{"line":65,"column":48}},"8":{"start":{"line":67,"column":2},"end":{"line":138,"column":4}},"9":{"start":{"line":68,"column":4},"end":{"line":72,"column":15}},"10":{"start":{"line":75,"column":4},"end":{"line":75,"column":45}},"11":{"start":{"line":79,"column":4},"end":{"line":84,"column":6}},"12":{"start":{"line":80,"column":6},"end":{"line":80,"column":51}},"13":{"start":{"line":80,"column":28},"end":{"line":80,"column":51}},"14":{"start":{"line":81,"column":6},"end":{"line":83,"column":43}},"15":{"start":{"line":86,"column":4},"end":{"line":91,"column":6}},"16":{"start":{"line":87,"column":6},"end":{"line":87,"column":45}},"17":{"start":{"line":87,"column":17},"end":{"line":87,"column":45}},"18":{"start":{"line":88,"column":6},"end":{"line":90,"column":24}},"19":{"start":{"line":93,"column":4},"end":{"line":135,"column":7}},"20":{"start":{"line":95,"column":6},"end":{"line":95,"column":36}},"21":{"start":{"line":95,"column":29},"end":{"line":95,"column":36}},"22":{"start":{"line":98,"column":6},"end":{"line":98,"column":26}},"23":{"start":{"line":98,"column":19},"end":{"line":98,"column":26}},"24":{"start":{"line":101,"column":6},"end":{"line":101,"column":39}},"25":{"start":{"line":101,"column":32},"end":{"line":101,"column":39}},"26":{"start":{"line":104,"column":6},"end":{"line":104,"column":48}},"27":{"start":{"line":104,"column":32},"end":{"line":104,"column":48}},"28":{"start":{"line":107,"column":6},"end":{"line":114,"column":7}},"29":{"start":{"line":108,"column":8},"end":{"line":113,"column":9}},"30":{"start":{"line":109,"column":10},"end":{"line":112,"column":11}},"31":{"start":{"line":110,"column":12},"end":{"line":110,"column":30}},"32":{"start":{"line":111,"column":12},"end":{"line":111,"column":18}},"33":{"start":{"line":117,"column":6},"end":{"line":117,"column":26}},"34":{"start":{"line":117,"column":19},"end":{"line":117,"column":26}},"35":{"start":{"line":120,"column":6},"end":{"line":120,"column":48}},"36":{"start":{"line":123,"column":6},"end":{"line":123,"column":48}},"37":{"start":{"line":124,"column":6},"end":{"line":124,"column":41}},"38":{"start":{"line":128,"column":6},"end":{"line":130,"column":9}},"39":{"start":{"line":129,"column":8},"end":{"line":129,"column":31}},"40":{"start":{"line":132,"column":6},"end":{"line":134,"column":9}},"41":{"start":{"line":133,"column":8},"end":{"line":133,"column":22}},"42":{"start":{"line":137,"column":4},"end":{"line":137,"column":11}}},"branchMap":{"1":{"line":29,"type":"binary-expr","locations":[{"start":{"line":29,"column":13},"end":{"line":29,"column":42}},{"start":{"line":29,"column":46},"end":{"line":29,"column":48}}]},"2":{"line":63,"type":"binary-expr","locations":[{"start":{"line":63,"column":16},"end":{"line":63,"column":23}},{"start":{"line":63,"column":27},"end":{"line":63,"column":29}}]},"3":{"line":65,"type":"binary-expr","locations":[{"start":{"line":65,"column":15},"end":{"line":65,"column":29}},{"start":{"line":65,"column":33},"end":{"line":65,"column":47}}]},"4":{"line":80,"type":"if","locations":[{"start":{"line":80,"column":6},"end":{"line":80,"column":6}},{"start":{"line":80,"column":6},"end":{"line":80,"column":6}}]},"5":{"line":81,"type":"cond-expr","locations":[{"start":{"line":82,"column":10},"end":{"line":82,"column":39}},{"start":{"line":83,"column":10},"end":{"line":83,"column":42}}]},"6":{"line":87,"type":"if","locations":[{"start":{"line":87,"column":6},"end":{"line":87,"column":6}},{"start":{"line":87,"column":6},"end":{"line":87,"column":6}}]},"7":{"line":88,"type":"cond-expr","locations":[{"start":{"line":89,"column":10},"end":{"line":89,"column":22}},{"start":{"line":90,"column":10},"end":{"line":90,"column":23}}]},"8":{"line":95,"type":"if","locations":[{"start":{"line":95,"column":6},"end":{"line":95,"column":6}},{"start":{"line":95,"column":6},"end":{"line":95,"column":6}}]},"9":{"line":98,"type":"if","locations":[{"start":{"line":98,"column":6},"end":{"line":98,"column":6}},{"start":{"line":98,"column":6},"end":{"line":98,"column":6}}]},"10":{"line":101,"type":"if","locations":[{"start":{"line":101,"column":6},"end":{"line":101,"column":6}},{"start":{"line":101,"column":6},"end":{"line":101,"column":6}}]},"11":{"line":104,"type":"if","locations":[{"start":{"line":104,"column":6},"end":{"line":104,"column":6}},{"start":{"line":104,"column":6},"end":{"line":104,"column":6}}]},"12":{"line":107,"type":"if","locations":[{"start":{"line":107,"column":6},"end":{"line":107,"column":6}},{"start":{"line":107,"column":6},"end":{"line":107,"column":6}}]},"13":{"line":109,"type":"if","locations":[{"start":{"line":109,"column":10},"end":{"line":109,"column":10}},{"start":{"line":109,"column":10},"end":{"line":109,"column":10}}]},"14":{"line":117,"type":"if","locations":[{"start":{"line":117,"column":6},"end":{"line":117,"column":6}},{"start":{"line":117,"column":6},"end":{"line":117,"column":6}}]}},"code":["","/*!"," * Connect - compress"," * Copyright(c) 2010 Sencha Inc."," * Copyright(c) 2011 TJ Holowaychuk"," * MIT Licensed"," */","","/**"," * Module dependencies."," */","","var zlib = require('zlib');","","/**"," * Supported content-encoding methods."," */","","exports.methods = {","    gzip: zlib.createGzip,","    deflate: zlib.createDeflate","};","","/**"," * Default filter function."," */","","exports.filter = function(req, res){","  var type = res.getHeader('Content-Type') || '';","  return type.match(/json|text|javascript/);","};","","/**"," * Compress response data with gzip/deflate."," *"," * Filter:"," *"," * A `filter` callback function may be passed to"," * replace the default logic of:"," *"," *     exports.filter = function(req, res){"," *       var type = res.getHeader('Content-Type') || '';"," *       return type.match(/json|text|javascript/);"," *     };"," *"," * Options:"," *"," *  All remaining options are passed to the gzip/deflate"," *  creation functions. Consult node's docs for additional details."," *"," *     - `chunkSize` (default: 16*1024)"," *     - `windowBits`"," *     - `level`: 0-9 where 0 is no compression, and 9 is slow but best compression"," *     - `memLevel`: 1-9 low is slower but uses less memory, high is fast but uses more"," *     - `strategy`: compression strategy"," *"," * @param {Object} options"," * @return {Function}"," * @api public"," */","","module.exports = function compress(options) {","  var options = options || {}","    , names = Object.keys(exports.methods)","    , filter = options.filter || exports.filter;","","  return function(req, res, next){","    var accept = req.headers['accept-encoding']","      , write = res.write","      , end = res.end","      , stream","      , method;","","    // vary","    res.setHeader('Vary', 'Accept-Encoding');","","    // proxy","","    res.write = function(chunk, encoding){","      if (!this.headerSent) this._implicitHeader();","      return stream","        ? stream.write(chunk, encoding)","        : write.call(res, chunk, encoding);","    };","","    res.end = function(chunk, encoding){","      if (chunk) this.write(chunk, encoding);","      return stream","        ? stream.end()","        : end.call(res);","    };","","    res.on('header', function(){","      // default request filter","      if (!filter(req, res)) return;","","      // SHOULD use identity","      if (!accept) return;","","      // head","      if ('HEAD' == req.method) return;","","      // default to gzip","      if ('*' == accept.trim()) method = 'gzip';","","      // compression method","      if (!method) {","        for (var i = 0, len = names.length; i < len; ++i) {","          if (~accept.indexOf(names[i])) {","            method = names[i];","            break;","          }","        }","      }","","      // compression method","      if (!method) return;","","      // compression stream","      stream = exports.methods[method](options);","","      // header fields","      res.setHeader('Content-Encoding', method);","      res.removeHeader('Content-Length');","","      // compression","","      stream.on('data', function(chunk){","        write.call(res, chunk);","      });","","      stream.on('end', function(){","        end.call(res);","      });","    });","","    next();","  };","}"],"l":{"13":1,"19":1,"28":1,"29":0,"30":0,"62":1,"63":0,"67":0,"68":0,"75":0,"79":0,"80":0,"81":0,"86":0,"87":0,"88":0,"93":0,"95":0,"98":0,"101":0,"104":0,"107":0,"108":0,"109":0,"110":0,"111":0,"117":0,"120":0,"123":0,"124":0,"128":0,"129":0,"132":0,"133":0,"137":0}}}